ataqv 1.3.1

Operating parameters
====================
Thread limit: 2
Ignoring read groups: yes
Is single nucleus: no
TSS extension: 1000

Experiment information
======================
Organism: NA
Description: 
URL: 

Reference genome configuration
==============================
Mitochondrial reference: MT
Autosomal references: 
  I, II, III, IV, IX, V, VI, VII, VIII, X, XI, XII, XIII, XIV, XV, XVI


Read Group
==========
ID: OSMOTIC_STRESS_T0_PE_REP2
Library: OSMOTIC_STRESS_T0_PE_REP2
Sample: OSMOTIC_STRESS_T0_PE_REP2
Description: 

Sequencing center: 
Sequencing date: 
Sequencing platform: 
Platform model: 
Platform unit: 
Flow order: 
Key sequence: 
Predicted median insert size: 
Programs: 

Metrics
-------

  Read Mapping Metrics
  --------------------
  Total reads: 199420
  Total problems: 111957 (56.141%)
  Properly paired and mapped reads: 87463 (43.859%)
  Secondary reads: 0 (0.000%)
  Supplementary reads: 0 (0.000%)
  Duplicate reads: 10615 (5.323% of all reads)

  Quality Indicators
  ------------------
  Short to mononucleosomal ratio: 2.638
  High quality, nonduplicate, properly paired, uniquely mapped autosomal alignments: 83531
    as a percentage of autosomal reads: 97.554%
    as a percentage of all reads: 41.887%
  TSS enrichment: 1.344

  Paired Read Metrics
  -------------------
  Paired reads: 199420 (100.000%)
  Paired and mapped reads: 87576 (43.915%)
  FR reads: 87437 (43.845652%)
  First of pair: 99710 (50.000%)
  Second of pair: 99710 (50.000%)
  Forward reads: 106407 (53.358%)
  Reverse reads: 93013 (46.642%)
  Forward mate reads: 106407 (53.358%)
  Reverse mate reads: 93013 (46.642%)

  Unmapped Read Metrics
  ---------------------
  Unmapped reads:                       13997 (7.019%)
  Unmapped mate reads:                  521 (0.261%)
  Reads not passing quality controls:   0 (0.000%)
  Unpaired reads:                       0 (0.000%)
  Reads with zero mapping quality:      97206 (48.744%)

  Aberrant Mapping Metrics
  ------------------------
  RF reads:                             12 (0.006017%)
  FF reads:                             36 (0.018052%)
  RR reads:                             72 (0.036105%)
  Reads that paired and mapped but...   
    on different chromosomes:           53 (0.027%)
    probably too far from their mates:  60 (0.030%) (longest proper fragment seems to be 876)
    just not properly:                  0 (0.000%)

  Autosomal/Mitochondrial Metrics
  -------------------------------
  Total autosomal reads: 85625 (42.937% of all reads)
  Total mitochondrial reads: 1838 (0.922% of all reads)
  Duplicate autosomal reads: 788 (0.920% of all autosomal reads)
  Duplicate mitochondrial reads: 18 (0.979% of all mitochondrial reads)


  Mapping Quality
  ---------------
  Mean MAPQ: 25.874
  Median MAPQ: 0.000
  Reads with MAPQ >=...
                   5: 87685 (43.970%)
                  10: 87479 (43.867%)
                  15: 87324 (43.789%)
                  20: 87065 (43.659%)
                  25: 86868 (43.560%)
                  30: 86497 (43.374%)

  Peak Metrics
  ------------
  Peak count: 634

  High quality autosomal alignments that overlapped peaks: 30949 (37.051% of all high quality autosomal alignments)
  Number of high quality autosomal alignments overlapping the top 10,000 peaks: 
          Top peak: 5488 (6.570% of all high quality autosomal alignments)
      Top 10 peaks: 7069 (8.463% of all high quality autosomal alignments)
     Top 100 peaks: 15206 (18.204% of all high quality autosomal alignments)
    Top 1000 peaks: 30949 (37.051% of all high quality autosomal alignments)
  Top 10,000 peaks: 30949 (37.051% of all high quality autosomal alignments)


Writing JSON metrics to OSMOTIC_STRESS_T0_PE_REP2.ataqv.json
Metrics written to "OSMOTIC_STRESS_T0_PE_REP2.ataqv.json"
Finished.
