ataqv 1.3.1

Operating parameters
====================
Thread limit: 2
Ignoring read groups: yes
Is single nucleus: no
TSS extension: 1000

Experiment information
======================
Organism: NA
Description: 
URL: 

Reference genome configuration
==============================
Mitochondrial reference: MT
Autosomal references: 
  I, II, III, IV, IX, V, VI, VII, VIII, X, XI, XII, XIII, XIV, XV, XVI


Read Group
==========
ID: OSMOTIC_STRESS_T0_PE_REP1
Library: OSMOTIC_STRESS_T0_PE_REP1
Sample: OSMOTIC_STRESS_T0_PE_REP1
Description: 

Sequencing center: 
Sequencing date: 
Sequencing platform: 
Platform model: 
Platform unit: 
Flow order: 
Key sequence: 
Predicted median insert size: 
Programs: 

Metrics
-------

  Read Mapping Metrics
  --------------------
  Total reads: 199512
  Total problems: 95156 (47.694%)
  Properly paired and mapped reads: 104356 (52.306%)
  Secondary reads: 0 (0.000%)
  Supplementary reads: 0 (0.000%)
  Duplicate reads: 9143 (4.583% of all reads)

  Quality Indicators
  ------------------
  Short to mononucleosomal ratio: 2.683
  High quality, nonduplicate, properly paired, uniquely mapped autosomal alignments: 100804
    as a percentage of autosomal reads: 98.374%
    as a percentage of all reads: 50.525%
  TSS enrichment: 1.409

  Paired Read Metrics
  -------------------
  Paired reads: 199512 (100.000%)
  Paired and mapped reads: 104576 (52.416%)
  FR reads: 104344 (52.299611%)
  First of pair: 99756 (50.000%)
  Second of pair: 99756 (50.000%)
  Forward reads: 104091 (52.173%)
  Reverse reads: 95421 (47.827%)
  Forward mate reads: 104091 (52.173%)
  Reverse mate reads: 95421 (47.827%)

  Unmapped Read Metrics
  ---------------------
  Unmapped reads:                       9175 (4.599%)
  Unmapped mate reads:                  489 (0.245%)
  Reads not passing quality controls:   0 (0.000%)
  Unpaired reads:                       0 (0.000%)
  Reads with zero mapping quality:      85230 (42.719%)

  Aberrant Mapping Metrics
  ------------------------
  RF reads:                             0 (0.000000%)
  FF reads:                             12 (0.006015%)
  RR reads:                             30 (0.015037%)
  Reads that paired and mapped but...   
    on different chromosomes:           26 (0.013%)
    probably too far from their mates:  194 (0.097%) (longest proper fragment seems to be 710)
    just not properly:                  0 (0.000%)

  Autosomal/Mitochondrial Metrics
  -------------------------------
  Total autosomal reads: 102470 (51.360% of all reads)
  Total mitochondrial reads: 1886 (0.945% of all reads)
  Duplicate autosomal reads: 743 (0.725% of all autosomal reads)
  Duplicate mitochondrial reads: 8 (0.424% of all mitochondrial reads)


  Mapping Quality
  ---------------
  Mean MAPQ: 31.135
  Median MAPQ: 60.000
  Reads with MAPQ >=...
                   5: 104786 (52.521%)
                  10: 104643 (52.449%)
                  15: 104558 (52.407%)
                  20: 104363 (52.309%)
                  25: 104183 (52.219%)
                  30: 103876 (52.065%)

  Peak Metrics
  ------------
  Peak count: 890

  High quality autosomal alignments that overlapped peaks: 40022 (39.703% of all high quality autosomal alignments)
  Number of high quality autosomal alignments overlapping the top 10,000 peaks: 
          Top peak: 3275 (3.249% of all high quality autosomal alignments)
      Top 10 peaks: 5071 (5.031% of all high quality autosomal alignments)
     Top 100 peaks: 14581 (14.465% of all high quality autosomal alignments)
    Top 1000 peaks: 40022 (39.703% of all high quality autosomal alignments)
  Top 10,000 peaks: 40022 (39.703% of all high quality autosomal alignments)


Writing JSON metrics to OSMOTIC_STRESS_T0_PE_REP1.ataqv.json
Metrics written to "OSMOTIC_STRESS_T0_PE_REP1.ataqv.json"
Finished.
