INFO:    Environment variable SINGULARITYENV_NXF_TASK_WORKDIR is set, but APPTAINERENV_NXF_TASK_WORKDIR is preferred
INFO:    Environment variable SINGULARITYENV_NXF_DEBUG is set, but APPTAINERENV_NXF_DEBUG is preferred
Proceeding with single-core trimming (user-defined)
Path to Cutadapt set as: 'cutadapt' (default)
Cutadapt seems to be working fine (tested command 'cutadapt --version')
Cutadapt version: 3.4
single-core operation.
No quality encoding type selected. Assuming that the data provided uses Sanger encoded Phred scores (default)



AUTO-DETECTING ADAPTER TYPE
===========================
Attempting to auto-detect adapter type from the first 1 million sequences of the first file (>> OSMOTIC_STRESS_T100_SE_REP2_T1.fastq.gz <<)

Found perfect matches for the following adapter sequences:
Adapter type	Count	Sequence	Sequences analysed	Percentage
Nextera	21698	CTGTCTCTTATA	100000	21.70
smallRNA	0	TGGAATTCTCGG	100000	0.00
Illumina	0	AGATCGGAAGAGC	100000	0.00
Using Nextera adapter for trimming (count: 21698). Second best hit was smallRNA (count: 0)

Writing report to 'OSMOTIC_STRESS_T100_SE_REP2_T1.fastq.gz_trimming_report.txt'

SUMMARISING RUN PARAMETERS
==========================
Input filename: OSMOTIC_STRESS_T100_SE_REP2_T1.fastq.gz
Trimming mode: single-end
Trim Galore version: 0.6.7
Cutadapt version: 3.4
Number of cores used for trimming: 1
Quality Phred score cutoff: 20
Quality encoding type selected: ASCII+33
Adapter sequence: 'CTGTCTCTTATA' (Nextera Transposase sequence; auto-detected)
Maximum trimming error rate: 0.1 (default)
Minimum required adapter overlap (stringency): 1 bp
Minimum required sequence length before a sequence gets removed: 20 bp
Running FastQC on the data once trimming has completed
Output file(s) will be GZIP compressed

Cutadapt seems to be fairly up-to-date (version 3.4). Setting -j 1
Writing final adapter and quality trimmed output to OSMOTIC_STRESS_T100_SE_REP2_T1_trimmed.fq.gz


  >>> Now performing quality (cutoff '-q 20') and adapter trimming in a single pass for the adapter sequence: 'CTGTCTCTTATA' from file OSMOTIC_STRESS_T100_SE_REP2_T1.fastq.gz <<< 
This is cutadapt 3.4 with Python 3.9.6
Command line parameters: -j 1 -e 0.1 -q 20 -O 1 -a CTGTCTCTTATA OSMOTIC_STRESS_T100_SE_REP2_T1.fastq.gz
Processing reads on 1 core in single-end mode ...
Finished in 2.76 s (28 µs/read; 2.18 M reads/minute).

=== Summary ===

Total reads processed:                 100,000
Reads with adapters:                    49,391 (49.4%)
Reads written (passing filters):       100,000 (100.0%)

Total basepairs processed:     7,600,000 bp
Quality-trimmed:                  34,664 bp (0.5%)
Total written (filtered):      6,909,691 bp (90.9%)

=== Adapter 1 ===

Sequence: CTGTCTCTTATA; Type: regular 3'; Length: 12; Trimmed: 49391 times

No. of allowed errors:
1-9 bp: 0; 10-12 bp: 1

Bases preceding removed adapters:
  A: 18.7%
  C: 32.4%
  G: 24.2%
  T: 24.7%
  none/other: 0.0%

Overview of removed sequences
length	count	expect	max.err	error counts
1	15750	25000.0	0	15750
2	4961	6250.0	0	4961
3	1476	1562.5	0	1476
4	831	390.6	0	831
5	652	97.7	0	652
6	594	24.4	0	594
7	543	6.1	0	543
8	630	1.5	0	630
9	613	0.4	0	611 2
10	624	0.1	1	614 10
11	643	0.0	1	636 7
12	647	0.0	1	632 15
13	700	0.0	1	688 12
14	613	0.0	1	603 10
15	716	0.0	1	707 9
16	669	0.0	1	648 21
17	703	0.0	1	684 19
18	682	0.0	1	674 8
19	748	0.0	1	738 10
20	780	0.0	1	757 23
21	818	0.0	1	801 17
22	888	0.0	1	869 19
23	647	0.0	1	635 12
24	790	0.0	1	777 13
25	770	0.0	1	761 9
26	904	0.0	1	886 18
27	819	0.0	1	800 19
28	644	0.0	1	638 6
29	809	0.0	1	785 24
30	828	0.0	1	825 3
31	788	0.0	1	773 15
32	950	0.0	1	938 12
33	733	0.0	1	723 10
34	718	0.0	1	702 16
35	742	0.0	1	732 10
36	861	0.0	1	847 14
37	611	0.0	1	604 7
38	643	0.0	1	634 9
39	525	0.0	1	513 12
40	437	0.0	1	428 9
41	244	0.0	1	239 5
42	164	0.0	1	160 4
43	93	0.0	1	91 2
44	23	0.0	1	23
45	44	0.0	1	44
46	41	0.0	1	41
47	80	0.0	1	79 1
48	71	0.0	1	71
49	59	0.0	1	55 4
50	40	0.0	1	38 2
51	7	0.0	1	7
52	5	0.0	1	5
53	3	0.0	1	3
54	1	0.0	1	1
56	3	0.0	1	3
57	3	0.0	1	2 1
58	2	0.0	1	1 1
59	1	0.0	1	1
63	1	0.0	1	0 1
65	1	0.0	1	0 1
67	1	0.0	1	0 1
68	2	0.0	1	0 2
72	1	0.0	1	0 1
76	1	0.0	1	0 1

RUN STATISTICS FOR INPUT FILE: OSMOTIC_STRESS_T100_SE_REP2_T1.fastq.gz
=============================================
100000 sequences processed in total
Sequences removed because they became shorter than the length cutoff of 20 bp:	35 (0.0%)


  >>> Now running FastQC on the data <<<

Started analysis of OSMOTIC_STRESS_T100_SE_REP2_T1_trimmed.fq.gz
Approx 5% complete for OSMOTIC_STRESS_T100_SE_REP2_T1_trimmed.fq.gz
Approx 10% complete for OSMOTIC_STRESS_T100_SE_REP2_T1_trimmed.fq.gz
Approx 15% complete for OSMOTIC_STRESS_T100_SE_REP2_T1_trimmed.fq.gz
Approx 20% complete for OSMOTIC_STRESS_T100_SE_REP2_T1_trimmed.fq.gz
Approx 25% complete for OSMOTIC_STRESS_T100_SE_REP2_T1_trimmed.fq.gz
Approx 30% complete for OSMOTIC_STRESS_T100_SE_REP2_T1_trimmed.fq.gz
Approx 35% complete for OSMOTIC_STRESS_T100_SE_REP2_T1_trimmed.fq.gz
Approx 40% complete for OSMOTIC_STRESS_T100_SE_REP2_T1_trimmed.fq.gz
Approx 45% complete for OSMOTIC_STRESS_T100_SE_REP2_T1_trimmed.fq.gz
Approx 50% complete for OSMOTIC_STRESS_T100_SE_REP2_T1_trimmed.fq.gz
Approx 55% complete for OSMOTIC_STRESS_T100_SE_REP2_T1_trimmed.fq.gz
Approx 60% complete for OSMOTIC_STRESS_T100_SE_REP2_T1_trimmed.fq.gz
Approx 65% complete for OSMOTIC_STRESS_T100_SE_REP2_T1_trimmed.fq.gz
Approx 70% complete for OSMOTIC_STRESS_T100_SE_REP2_T1_trimmed.fq.gz
Approx 75% complete for OSMOTIC_STRESS_T100_SE_REP2_T1_trimmed.fq.gz
Approx 80% complete for OSMOTIC_STRESS_T100_SE_REP2_T1_trimmed.fq.gz
Approx 85% complete for OSMOTIC_STRESS_T100_SE_REP2_T1_trimmed.fq.gz
Approx 90% complete for OSMOTIC_STRESS_T100_SE_REP2_T1_trimmed.fq.gz
Approx 95% complete for OSMOTIC_STRESS_T100_SE_REP2_T1_trimmed.fq.gz
