INFO:    Environment variable SINGULARITYENV_NXF_TASK_WORKDIR is set, but APPTAINERENV_NXF_TASK_WORKDIR is preferred
INFO:    Environment variable SINGULARITYENV_NXF_DEBUG is set, but APPTAINERENV_NXF_DEBUG is preferred
/usr/local/bin/picard: line 5: warning: setlocale: LC_ALL: cannot change locale (en_US.UTF-8): No such file or directory
INFO	2024-10-25 18:21:04	RExecutor	Executing R script via command: Rscript /tmp/script5867483558547489254.R
ERROR	2024-10-25 18:21:04	ProcessExecutor	/bin/sh: warning: setlocale: LC_ALL: cannot change locale (en_US.UTF-8)
ERROR	2024-10-25 18:21:04	ProcessExecutor	sh: warning: setlocale: LC_ALL: cannot change locale (en_US.UTF-8)
ERROR	2024-10-25 18:21:04	ProcessExecutor	sh: warning: setlocale: LC_ALL: cannot change locale (en_US.UTF-8)
ERROR	2024-10-25 18:21:04	ProcessExecutor	During startup - Warning messages:
ERROR	2024-10-25 18:21:04	ProcessExecutor	1: Setting LC_CTYPE failed, using "C" 
ERROR	2024-10-25 18:21:04	ProcessExecutor	2: Setting LC_COLLATE failed, using "C" 
ERROR	2024-10-25 18:21:04	ProcessExecutor	3: Setting LC_TIME failed, using "C" 
ERROR	2024-10-25 18:21:04	ProcessExecutor	4: Setting LC_MESSAGES failed, using "C" 
ERROR	2024-10-25 18:21:04	ProcessExecutor	5: Setting LC_MONETARY failed, using "C" 
ERROR	2024-10-25 18:21:04	ProcessExecutor	6: Setting LC_PAPER failed, using "C" 
ERROR	2024-10-25 18:21:04	ProcessExecutor	7: Setting LC_MEASUREMENT failed, using "C" 
INFO	2024-10-25 18:21:04	ProcessExecutor	[1] "Checking if R is installed"
ERROR	2024-10-25 18:21:04	ProcessExecutor	sh: warning: setlocale: LC_ALL: cannot change locale (en_US.UTF-8)
18:21:04.896 INFO  NativeLibraryLoader - Loading libgkl_compression.so from jar:file:/usr/local/share/picard-3.0.0-1/picard.jar!/com/intel/gkl/native/libgkl_compression.so
[Fri Oct 25 18:21:04 GMT 2024] CollectMultipleMetrics --INPUT OSMOTIC_STRESS_T100_SE_REP2.sorted.bam --OUTPUT OSMOTIC_STRESS_T100_SE_REP2.CollectMultipleMetrics --TMP_DIR tmp --VALIDATION_STRINGENCY LENIENT --REFERENCE_SEQUENCE genome.fa --ASSUME_SORTED true --STOP_AFTER 0 --METRIC_ACCUMULATION_LEVEL ALL_READS --PROGRAM CollectAlignmentSummaryMetrics --PROGRAM CollectBaseDistributionByCycle --PROGRAM CollectInsertSizeMetrics --PROGRAM MeanQualityByCycle --PROGRAM QualityScoreDistribution --INCLUDE_UNPAIRED false --VERBOSITY INFO --QUIET false --COMPRESSION_LEVEL 5 --MAX_RECORDS_IN_RAM 500000 --CREATE_INDEX false --CREATE_MD5_FILE false --help false --version false --showHidden false --USE_JDK_DEFLATER false --USE_JDK_INFLATER false
[Fri Oct 25 18:21:04 GMT 2024] Executing as leizheng@helab0 on Linux 6.8.0-38-generic amd64; OpenJDK 64-Bit Server VM 17.0.3-internal+0-adhoc..src; Deflater: Intel; Inflater: Intel; Provider GCS is not available; Picard version: Version:3.0.0
INFO	2024-10-25 18:21:05	RExecutor	Executing R script via command: Rscript /tmp/script5802002862163357396.R /home/leizheng/workspace/pipeline/ATAC-seq/work/6c/2ccfc021d1f1bab05dc53647f98a6d/OSMOTIC_STRESS_T100_SE_REP2.CollectMultipleMetrics.alignment_summary_metrics /home/leizheng/workspace/pipeline/ATAC-seq/work/6c/2ccfc021d1f1bab05dc53647f98a6d/OSMOTIC_STRESS_T100_SE_REP2.CollectMultipleMetrics.read_length_histogram.pdf OSMOTIC_STRESS_T100_SE_REP2.sorted.bam
ERROR	2024-10-25 18:21:05	ProcessExecutor	/bin/sh: warning: setlocale: LC_ALL: cannot change locale (en_US.UTF-8)
ERROR	2024-10-25 18:21:05	ProcessExecutor	sh: warning: setlocale: LC_ALL: cannot change locale (en_US.UTF-8)
ERROR	2024-10-25 18:21:05	ProcessExecutor	sh: warning: setlocale: LC_ALL: cannot change locale (en_US.UTF-8)
ERROR	2024-10-25 18:21:05	ProcessExecutor	During startup - Warning messages:
ERROR	2024-10-25 18:21:05	ProcessExecutor	1: Setting LC_CTYPE failed, using "C" 
ERROR	2024-10-25 18:21:05	ProcessExecutor	2: Setting LC_COLLATE failed, using "C" 
ERROR	2024-10-25 18:21:05	ProcessExecutor	3: Setting LC_TIME failed, using "C" 
ERROR	2024-10-25 18:21:05	ProcessExecutor	4: Setting LC_MESSAGES failed, using "C" 
ERROR	2024-10-25 18:21:05	ProcessExecutor	5: Setting LC_MONETARY failed, using "C" 
ERROR	2024-10-25 18:21:05	ProcessExecutor	6: Setting LC_PAPER failed, using "C" 
ERROR	2024-10-25 18:21:05	ProcessExecutor	7: Setting LC_MEASUREMENT failed, using "C" 
INFO	2024-10-25 18:21:05	ProcessExecutor	null device 
INFO	2024-10-25 18:21:05	ProcessExecutor	          1 
ERROR	2024-10-25 18:21:05	ProcessExecutor	sh: warning: setlocale: LC_ALL: cannot change locale (en_US.UTF-8)
INFO	2024-10-25 18:21:06	RExecutor	Executing R script via command: Rscript /tmp/script9152386901710910108.R /home/leizheng/workspace/pipeline/ATAC-seq/work/6c/2ccfc021d1f1bab05dc53647f98a6d/OSMOTIC_STRESS_T100_SE_REP2.CollectMultipleMetrics.base_distribution_by_cycle_metrics /home/leizheng/workspace/pipeline/ATAC-seq/work/6c/2ccfc021d1f1bab05dc53647f98a6d/OSMOTIC_STRESS_T100_SE_REP2.CollectMultipleMetrics.base_distribution_by_cycle.pdf OSMOTIC_STRESS_T100_SE_REP2.sorted.bam OSMOTIC_STRESS_T100_SE_REP2_T1
ERROR	2024-10-25 18:21:06	ProcessExecutor	/bin/sh: warning: setlocale: LC_ALL: cannot change locale (en_US.UTF-8)
ERROR	2024-10-25 18:21:06	ProcessExecutor	sh: warning: setlocale: LC_ALL: cannot change locale (en_US.UTF-8)
ERROR	2024-10-25 18:21:06	ProcessExecutor	sh: warning: setlocale: LC_ALL: cannot change locale (en_US.UTF-8)
ERROR	2024-10-25 18:21:06	ProcessExecutor	During startup - Warning messages:
ERROR	2024-10-25 18:21:06	ProcessExecutor	1: Setting LC_CTYPE failed, using "C" 
ERROR	2024-10-25 18:21:06	ProcessExecutor	2: Setting LC_COLLATE failed, using "C" 
ERROR	2024-10-25 18:21:06	ProcessExecutor	3: Setting LC_TIME failed, using "C" 
ERROR	2024-10-25 18:21:06	ProcessExecutor	4: Setting LC_MESSAGES failed, using "C" 
ERROR	2024-10-25 18:21:06	ProcessExecutor	5: Setting LC_MONETARY failed, using "C" 
ERROR	2024-10-25 18:21:06	ProcessExecutor	6: Setting LC_PAPER failed, using "C" 
ERROR	2024-10-25 18:21:06	ProcessExecutor	7: Setting LC_MEASUREMENT failed, using "C" 
INFO	2024-10-25 18:21:06	ProcessExecutor	null device 
INFO	2024-10-25 18:21:06	ProcessExecutor	          1 
ERROR	2024-10-25 18:21:06	ProcessExecutor	sh: warning: setlocale: LC_ALL: cannot change locale (en_US.UTF-8)
WARNING	2024-10-25 18:21:06	CollectInsertSizeMetrics	All data categories were discarded because they contained < 0.05 of the total aligned paired data.
WARNING	2024-10-25 18:21:06	CollectInsertSizeMetrics	Total mapped pairs in all categories: 0.0
INFO	2024-10-25 18:21:06	RExecutor	Executing R script via command: Rscript /tmp/script18309203414974686147.R /home/leizheng/workspace/pipeline/ATAC-seq/work/6c/2ccfc021d1f1bab05dc53647f98a6d/OSMOTIC_STRESS_T100_SE_REP2.CollectMultipleMetrics.quality_by_cycle_metrics /home/leizheng/workspace/pipeline/ATAC-seq/work/6c/2ccfc021d1f1bab05dc53647f98a6d/OSMOTIC_STRESS_T100_SE_REP2.CollectMultipleMetrics.quality_by_cycle.pdf OSMOTIC_STRESS_T100_SE_REP2.sorted.bam OSMOTIC_STRESS_T100_SE_REP2_T1
ERROR	2024-10-25 18:21:06	ProcessExecutor	/bin/sh: warning: setlocale: LC_ALL: cannot change locale (en_US.UTF-8)
ERROR	2024-10-25 18:21:06	ProcessExecutor	sh: warning: setlocale: LC_ALL: cannot change locale (en_US.UTF-8)
ERROR	2024-10-25 18:21:06	ProcessExecutor	sh: warning: setlocale: LC_ALL: cannot change locale (en_US.UTF-8)
ERROR	2024-10-25 18:21:06	ProcessExecutor	During startup - Warning messages:
ERROR	2024-10-25 18:21:06	ProcessExecutor	1: Setting LC_CTYPE failed, using "C" 
ERROR	2024-10-25 18:21:06	ProcessExecutor	2: Setting LC_COLLATE failed, using "C" 
ERROR	2024-10-25 18:21:06	ProcessExecutor	3: Setting LC_TIME failed, using "C" 
ERROR	2024-10-25 18:21:06	ProcessExecutor	4: Setting LC_MESSAGES failed, using "C" 
ERROR	2024-10-25 18:21:06	ProcessExecutor	5: Setting LC_MONETARY failed, using "C" 
ERROR	2024-10-25 18:21:06	ProcessExecutor	6: Setting LC_PAPER failed, using "C" 
ERROR	2024-10-25 18:21:06	ProcessExecutor	7: Setting LC_MEASUREMENT failed, using "C" 
INFO	2024-10-25 18:21:06	ProcessExecutor	null device 
INFO	2024-10-25 18:21:06	ProcessExecutor	          1 
ERROR	2024-10-25 18:21:06	ProcessExecutor	sh: warning: setlocale: LC_ALL: cannot change locale (en_US.UTF-8)
INFO	2024-10-25 18:21:06	RExecutor	Executing R script via command: Rscript /tmp/script4964635805156516986.R /home/leizheng/workspace/pipeline/ATAC-seq/work/6c/2ccfc021d1f1bab05dc53647f98a6d/OSMOTIC_STRESS_T100_SE_REP2.CollectMultipleMetrics.quality_distribution_metrics /home/leizheng/workspace/pipeline/ATAC-seq/work/6c/2ccfc021d1f1bab05dc53647f98a6d/OSMOTIC_STRESS_T100_SE_REP2.CollectMultipleMetrics.quality_distribution.pdf OSMOTIC_STRESS_T100_SE_REP2.sorted.bam OSMOTIC_STRESS_T100_SE_REP2_T1
ERROR	2024-10-25 18:21:06	ProcessExecutor	/bin/sh: warning: setlocale: LC_ALL: cannot change locale (en_US.UTF-8)
ERROR	2024-10-25 18:21:07	ProcessExecutor	sh: warning: setlocale: LC_ALL: cannot change locale (en_US.UTF-8)
ERROR	2024-10-25 18:21:07	ProcessExecutor	sh: warning: setlocale: LC_ALL: cannot change locale (en_US.UTF-8)
ERROR	2024-10-25 18:21:07	ProcessExecutor	During startup - Warning messages:
ERROR	2024-10-25 18:21:07	ProcessExecutor	1: Setting LC_CTYPE failed, using "C" 
ERROR	2024-10-25 18:21:07	ProcessExecutor	2: Setting LC_COLLATE failed, using "C" 
ERROR	2024-10-25 18:21:07	ProcessExecutor	3: Setting LC_TIME failed, using "C" 
ERROR	2024-10-25 18:21:07	ProcessExecutor	4: Setting LC_MESSAGES failed, using "C" 
ERROR	2024-10-25 18:21:07	ProcessExecutor	5: Setting LC_MONETARY failed, using "C" 
ERROR	2024-10-25 18:21:07	ProcessExecutor	6: Setting LC_PAPER failed, using "C" 
ERROR	2024-10-25 18:21:07	ProcessExecutor	7: Setting LC_MEASUREMENT failed, using "C" 
INFO	2024-10-25 18:21:07	ProcessExecutor	null device 
INFO	2024-10-25 18:21:07	ProcessExecutor	          1 
ERROR	2024-10-25 18:21:07	ProcessExecutor	sh: warning: setlocale: LC_ALL: cannot change locale (en_US.UTF-8)
[Fri Oct 25 18:21:07 GMT 2024] picard.analysis.CollectMultipleMetrics done. Elapsed time: 0.04 minutes.
Runtime.totalMemory()=2155872256
