INFO:    Environment variable SINGULARITYENV_NXF_TASK_WORKDIR is set, but APPTAINERENV_NXF_TASK_WORKDIR is preferred
INFO:    Environment variable SINGULARITYENV_NXF_DEBUG is set, but APPTAINERENV_NXF_DEBUG is preferred
/usr/local/bin/picard: line 5: warning: setlocale: LC_ALL: cannot change locale (en_US.UTF-8): No such file or directory
INFO	2024-10-25 18:52:34	RExecutor	Executing R script via command: Rscript /tmp/script7217775842138467629.R
ERROR	2024-10-25 18:52:34	ProcessExecutor	/bin/sh: warning: setlocale: LC_ALL: cannot change locale (en_US.UTF-8)
ERROR	2024-10-25 18:52:34	ProcessExecutor	sh: warning: setlocale: LC_ALL: cannot change locale (en_US.UTF-8)
ERROR	2024-10-25 18:52:35	ProcessExecutor	sh: warning: setlocale: LC_ALL: cannot change locale (en_US.UTF-8)
ERROR	2024-10-25 18:52:35	ProcessExecutor	During startup - Warning messages:
ERROR	2024-10-25 18:52:35	ProcessExecutor	1: Setting LC_CTYPE failed, using "C" 
ERROR	2024-10-25 18:52:35	ProcessExecutor	2: Setting LC_COLLATE failed, using "C" 
ERROR	2024-10-25 18:52:35	ProcessExecutor	3: Setting LC_TIME failed, using "C" 
ERROR	2024-10-25 18:52:35	ProcessExecutor	4: Setting LC_MESSAGES failed, using "C" 
ERROR	2024-10-25 18:52:35	ProcessExecutor	5: Setting LC_MONETARY failed, using "C" 
INFO	2024-10-25 18:52:35	ProcessExecutor	[1] "Checking if R is installed"
ERROR	2024-10-25 18:52:35	ProcessExecutor	6: Setting LC_PAPER failed, using "C" 
ERROR	2024-10-25 18:52:35	ProcessExecutor	7: Setting LC_MEASUREMENT failed, using "C" 
ERROR	2024-10-25 18:52:35	ProcessExecutor	sh: warning: setlocale: LC_ALL: cannot change locale (en_US.UTF-8)
18:52:35.272 INFO  NativeLibraryLoader - Loading libgkl_compression.so from jar:file:/usr/local/share/picard-3.0.0-1/picard.jar!/com/intel/gkl/native/libgkl_compression.so
[Fri Oct 25 18:52:35 GMT 2024] CollectMultipleMetrics --INPUT OSMOTIC_STRESS_T150_SE_REP1.sorted.bam --OUTPUT OSMOTIC_STRESS_T150_SE_REP1.CollectMultipleMetrics --TMP_DIR tmp --VALIDATION_STRINGENCY LENIENT --REFERENCE_SEQUENCE genome.fa --ASSUME_SORTED true --STOP_AFTER 0 --METRIC_ACCUMULATION_LEVEL ALL_READS --PROGRAM CollectAlignmentSummaryMetrics --PROGRAM CollectBaseDistributionByCycle --PROGRAM CollectInsertSizeMetrics --PROGRAM MeanQualityByCycle --PROGRAM QualityScoreDistribution --INCLUDE_UNPAIRED false --VERBOSITY INFO --QUIET false --COMPRESSION_LEVEL 5 --MAX_RECORDS_IN_RAM 500000 --CREATE_INDEX false --CREATE_MD5_FILE false --help false --version false --showHidden false --USE_JDK_DEFLATER false --USE_JDK_INFLATER false
[Fri Oct 25 18:52:35 GMT 2024] Executing as leizheng@helab0 on Linux 6.8.0-38-generic amd64; OpenJDK 64-Bit Server VM 17.0.3-internal+0-adhoc..src; Deflater: Intel; Inflater: Intel; Provider GCS is not available; Picard version: Version:3.0.0
INFO	2024-10-25 18:52:36	RExecutor	Executing R script via command: Rscript /tmp/script1100983434110090545.R /home/leizheng/workspace/pipeline/ATAC-seq/work/dc/01b9417788568a907413654e91f34f/OSMOTIC_STRESS_T150_SE_REP1.CollectMultipleMetrics.alignment_summary_metrics /home/leizheng/workspace/pipeline/ATAC-seq/work/dc/01b9417788568a907413654e91f34f/OSMOTIC_STRESS_T150_SE_REP1.CollectMultipleMetrics.read_length_histogram.pdf OSMOTIC_STRESS_T150_SE_REP1.sorted.bam
ERROR	2024-10-25 18:52:36	ProcessExecutor	/bin/sh: warning: setlocale: LC_ALL: cannot change locale (en_US.UTF-8)
ERROR	2024-10-25 18:52:36	ProcessExecutor	sh: warning: setlocale: LC_ALL: cannot change locale (en_US.UTF-8)
ERROR	2024-10-25 18:52:36	ProcessExecutor	sh: warning: setlocale: LC_ALL: cannot change locale (en_US.UTF-8)
ERROR	2024-10-25 18:52:36	ProcessExecutor	During startup - Warning messages:
ERROR	2024-10-25 18:52:36	ProcessExecutor	1: Setting LC_CTYPE failed, using "C" 
ERROR	2024-10-25 18:52:36	ProcessExecutor	2: Setting LC_COLLATE failed, using "C" 
ERROR	2024-10-25 18:52:36	ProcessExecutor	3: Setting LC_TIME failed, using "C" 
ERROR	2024-10-25 18:52:36	ProcessExecutor	4: Setting LC_MESSAGES failed, using "C" 
ERROR	2024-10-25 18:52:36	ProcessExecutor	5: Setting LC_MONETARY failed, using "C" 
ERROR	2024-10-25 18:52:36	ProcessExecutor	6: Setting LC_PAPER failed, using "C" 
ERROR	2024-10-25 18:52:36	ProcessExecutor	7: Setting LC_MEASUREMENT failed, using "C" 
INFO	2024-10-25 18:52:36	ProcessExecutor	null device 
INFO	2024-10-25 18:52:36	ProcessExecutor	          1 
ERROR	2024-10-25 18:52:36	ProcessExecutor	sh: warning: setlocale: LC_ALL: cannot change locale (en_US.UTF-8)
INFO	2024-10-25 18:52:37	RExecutor	Executing R script via command: Rscript /tmp/script14771869552773146764.R /home/leizheng/workspace/pipeline/ATAC-seq/work/dc/01b9417788568a907413654e91f34f/OSMOTIC_STRESS_T150_SE_REP1.CollectMultipleMetrics.base_distribution_by_cycle_metrics /home/leizheng/workspace/pipeline/ATAC-seq/work/dc/01b9417788568a907413654e91f34f/OSMOTIC_STRESS_T150_SE_REP1.CollectMultipleMetrics.base_distribution_by_cycle.pdf OSMOTIC_STRESS_T150_SE_REP1.sorted.bam 
ERROR	2024-10-25 18:52:37	ProcessExecutor	/bin/sh: warning: setlocale: LC_ALL: cannot change locale (en_US.UTF-8)
ERROR	2024-10-25 18:52:37	ProcessExecutor	sh: warning: setlocale: LC_ALL: cannot change locale (en_US.UTF-8)
ERROR	2024-10-25 18:52:37	ProcessExecutor	sh: warning: setlocale: LC_ALL: cannot change locale (en_US.UTF-8)
ERROR	2024-10-25 18:52:37	ProcessExecutor	During startup - Warning messages:
ERROR	2024-10-25 18:52:37	ProcessExecutor	1: Setting LC_CTYPE failed, using "C" 
ERROR	2024-10-25 18:52:37	ProcessExecutor	2: Setting LC_COLLATE failed, using "C" 
ERROR	2024-10-25 18:52:37	ProcessExecutor	3: Setting LC_TIME failed, using "C" 
ERROR	2024-10-25 18:52:37	ProcessExecutor	4: Setting LC_MESSAGES failed, using "C" 
ERROR	2024-10-25 18:52:37	ProcessExecutor	5: Setting LC_MONETARY failed, using "C" 
ERROR	2024-10-25 18:52:37	ProcessExecutor	6: Setting LC_PAPER failed, using "C" 
ERROR	2024-10-25 18:52:37	ProcessExecutor	7: Setting LC_MEASUREMENT failed, using "C" 
INFO	2024-10-25 18:52:37	ProcessExecutor	null device 
INFO	2024-10-25 18:52:37	ProcessExecutor	          1 
ERROR	2024-10-25 18:52:37	ProcessExecutor	sh: warning: setlocale: LC_ALL: cannot change locale (en_US.UTF-8)
WARNING	2024-10-25 18:52:37	CollectInsertSizeMetrics	All data categories were discarded because they contained < 0.05 of the total aligned paired data.
WARNING	2024-10-25 18:52:37	CollectInsertSizeMetrics	Total mapped pairs in all categories: 0.0
INFO	2024-10-25 18:52:37	RExecutor	Executing R script via command: Rscript /tmp/script10536641749434492872.R /home/leizheng/workspace/pipeline/ATAC-seq/work/dc/01b9417788568a907413654e91f34f/OSMOTIC_STRESS_T150_SE_REP1.CollectMultipleMetrics.quality_by_cycle_metrics /home/leizheng/workspace/pipeline/ATAC-seq/work/dc/01b9417788568a907413654e91f34f/OSMOTIC_STRESS_T150_SE_REP1.CollectMultipleMetrics.quality_by_cycle.pdf OSMOTIC_STRESS_T150_SE_REP1.sorted.bam 
ERROR	2024-10-25 18:52:37	ProcessExecutor	/bin/sh: warning: setlocale: LC_ALL: cannot change locale (en_US.UTF-8)
ERROR	2024-10-25 18:52:37	ProcessExecutor	sh: warning: setlocale: LC_ALL: cannot change locale (en_US.UTF-8)
ERROR	2024-10-25 18:52:37	ProcessExecutor	sh: warning: setlocale: LC_ALL: cannot change locale (en_US.UTF-8)
ERROR	2024-10-25 18:52:37	ProcessExecutor	During startup - Warning messages:
ERROR	2024-10-25 18:52:37	ProcessExecutor	1: Setting LC_CTYPE failed, using "C" 
ERROR	2024-10-25 18:52:37	ProcessExecutor	2: Setting LC_COLLATE failed, using "C" 
ERROR	2024-10-25 18:52:37	ProcessExecutor	3: Setting LC_TIME failed, using "C" 
ERROR	2024-10-25 18:52:37	ProcessExecutor	4: Setting LC_MESSAGES failed, using "C" 
ERROR	2024-10-25 18:52:37	ProcessExecutor	5: Setting LC_MONETARY failed, using "C" 
ERROR	2024-10-25 18:52:37	ProcessExecutor	6: Setting LC_PAPER failed, using "C" 
ERROR	2024-10-25 18:52:37	ProcessExecutor	7: Setting LC_MEASUREMENT failed, using "C" 
INFO	2024-10-25 18:52:37	ProcessExecutor	null device 
INFO	2024-10-25 18:52:37	ProcessExecutor	          1 
ERROR	2024-10-25 18:52:37	ProcessExecutor	sh: warning: setlocale: LC_ALL: cannot change locale (en_US.UTF-8)
INFO	2024-10-25 18:52:37	RExecutor	Executing R script via command: Rscript /tmp/script5164663699453345649.R /home/leizheng/workspace/pipeline/ATAC-seq/work/dc/01b9417788568a907413654e91f34f/OSMOTIC_STRESS_T150_SE_REP1.CollectMultipleMetrics.quality_distribution_metrics /home/leizheng/workspace/pipeline/ATAC-seq/work/dc/01b9417788568a907413654e91f34f/OSMOTIC_STRESS_T150_SE_REP1.CollectMultipleMetrics.quality_distribution.pdf OSMOTIC_STRESS_T150_SE_REP1.sorted.bam 
ERROR	2024-10-25 18:52:38	ProcessExecutor	/bin/sh: warning: setlocale: LC_ALL: cannot change locale (en_US.UTF-8)
ERROR	2024-10-25 18:52:38	ProcessExecutor	sh: warning: setlocale: LC_ALL: cannot change locale (en_US.UTF-8)
ERROR	2024-10-25 18:52:38	ProcessExecutor	sh: warning: setlocale: LC_ALL: cannot change locale (en_US.UTF-8)
ERROR	2024-10-25 18:52:38	ProcessExecutor	During startup - Warning messages:
ERROR	2024-10-25 18:52:38	ProcessExecutor	1: Setting LC_CTYPE failed, using "C" 
ERROR	2024-10-25 18:52:38	ProcessExecutor	2: Setting LC_COLLATE failed, using "C" 
ERROR	2024-10-25 18:52:38	ProcessExecutor	3: Setting LC_TIME failed, using "C" 
ERROR	2024-10-25 18:52:38	ProcessExecutor	4: Setting LC_MESSAGES failed, using "C" 
ERROR	2024-10-25 18:52:38	ProcessExecutor	5: Setting LC_MONETARY failed, using "C" 
ERROR	2024-10-25 18:52:38	ProcessExecutor	6: Setting LC_PAPER failed, using "C" 
ERROR	2024-10-25 18:52:38	ProcessExecutor	7: Setting LC_MEASUREMENT failed, using "C" 
INFO	2024-10-25 18:52:38	ProcessExecutor	null device 
INFO	2024-10-25 18:52:38	ProcessExecutor	          1 
ERROR	2024-10-25 18:52:38	ProcessExecutor	sh: warning: setlocale: LC_ALL: cannot change locale (en_US.UTF-8)
[Fri Oct 25 18:52:38 GMT 2024] picard.analysis.CollectMultipleMetrics done. Elapsed time: 0.06 minutes.
Runtime.totalMemory()=2155872256
