INFO:    Environment variable SINGULARITYENV_NXF_TASK_WORKDIR is set, but APPTAINERENV_NXF_TASK_WORKDIR is preferred
INFO:    Environment variable SINGULARITYENV_NXF_DEBUG is set, but APPTAINERENV_NXF_DEBUG is preferred

        ==========     _____ _    _ ____  _____  ______          _____  
        =====         / ____| |  | |  _ \|  __ \|  ____|   /\   |  __ \ 
          =====      | (___ | |  | | |_) | |__) | |__     /  \  | |  | |
            ====      \___ \| |  | |  _ <|  _  /|  __|   / /\ \ | |  | |
              ====    ____) | |__| | |_) | | \ \| |____ / ____ \| |__| |
        ==========   |_____/ \____/|____/|_|  \_\______/_/    \_\_____/
	  v2.0.1

//========================== featureCounts setting ===========================\\
||                                                                            ||
||             Input files : 4 BAM files                                      ||
||                           o OSMOTIC_STRESS_T100_SE_REP2.mLb.clN.sorted ... ||
||                           o OSMOTIC_STRESS_T100_SE_REP1.mLb.clN.sorted ... ||
||                           o OSMOTIC_STRESS_T0_PE_REP2.mLb.clN.sorted.bam   ||
||                           o OSMOTIC_STRESS_T0_PE_REP1.mLb.clN.sorted.bam   ||
||                                                                            ||
||             Output file : consensus_peaks.mRp.clN.featureCounts.txt        ||
||                 Summary : consensus_peaks.mRp.clN.featureCounts.txt.su ... ||
||              Annotation : consensus_peaks.mRp.clN.saf (SAF)                ||
||      Dir for temp files : ./                                               ||
||                                                                            ||
||                 Threads : 2                                                ||
||                   Level : meta-feature level                               ||
||              Paired-end : yes                                              ||
||      Multimapping reads : not counted                                      ||
|| Multi-overlapping reads : counted                                          ||
||   Min overlapping bases : 1                                                ||
||   Min overlapping frac. : 20.0% to reads                                   ||
||                                                                            ||
||          Chimeric reads : counted                                          ||
||        Both ends mapped : not required                                     ||
||                                                                            ||
\\============================================================================//

//================================= Running ==================================\\
||                                                                            ||
|| Load annotation file consensus_peaks.mRp.clN.saf ...                       ||
||    Features : 1367                                                         ||
||    Meta-features : 1367                                                    ||
||    Chromosomes/contigs : 16                                                ||
||                                                                            ||
|| Process BAM file OSMOTIC_STRESS_T100_SE_REP2.mLb.clN.sorted.bam...         ||
||    WARNING: Single-end reads were found.                                   ||
||    Total alignments : 37686                                                ||
||    Successfully assigned alignments : 17307 (45.9%)                        ||
||    Running time : 0.00 minutes                                             ||
||                                                                            ||
|| Process BAM file OSMOTIC_STRESS_T100_SE_REP1.mLb.clN.sorted.bam...         ||
||    WARNING: Single-end reads were found.                                   ||
||    Total alignments : 46713                                                ||
||    Successfully assigned alignments : 21754 (46.6%)                        ||
||    Running time : 0.00 minutes                                             ||
||                                                                            ||
|| Process BAM file OSMOTIC_STRESS_T0_PE_REP2.mLb.clN.sorted.bam...           ||
||    Paired-end reads are included.                                          ||
||    Total alignments : 40322                                                ||
||    Successfully assigned alignments : 21091 (52.3%)                        ||
||    Running time : 0.00 minutes                                             ||
||                                                                            ||
|| Process BAM file OSMOTIC_STRESS_T0_PE_REP1.mLb.clN.sorted.bam...           ||
||    Paired-end reads are included.                                          ||
||    Total alignments : 49001                                                ||
||    Successfully assigned alignments : 25134 (51.3%)                        ||
||    Running time : 0.00 minutes                                             ||
||                                                                            ||
|| Write the final count table.                                               ||
|| Write the read assignment summary.                                         ||
||                                                                            ||
|| Summary of counting results can be found in file "consensus_peaks.mRp.clN  ||
|| .featureCounts.txt.summary"                                                ||
||                                                                            ||
\\============================================================================//

