ataqv 1.3.1

Operating parameters
====================
Thread limit: 2
Ignoring read groups: yes
Is single nucleus: no
TSS extension: 1000

Experiment information
======================
Organism: NA
Description: 
URL: 

Reference genome configuration
==============================
Mitochondrial reference: MT
Autosomal references: 
  I, II, III, IV, IX, V, VI, VII, VIII, X, XI, XII, XIII, XIV, XV, XVI


Read Group
==========
ID: OSMOTIC_STRESS_T100_SE_REP2
Library: OSMOTIC_STRESS_T100_SE_REP2
Sample: OSMOTIC_STRESS_T100_SE_REP2
Description: 

Sequencing center: 
Sequencing date: 
Sequencing platform: 
Platform model: 
Platform unit: 
Flow order: 
Key sequence: 
Predicted median insert size: 
Programs: 

Metrics
-------

  Read Mapping Metrics
  --------------------
  Total reads: 99965
  Total problems: 99965 (100.000%)
  Properly paired and mapped reads: 0 (0.000%)
  Secondary reads: 0 (0.000%)
  Supplementary reads: 0 (0.000%)
  Duplicate reads: 34966 (34.978% of all reads)

  Quality Indicators
  ------------------
  Short to mononucleosomal ratio: nan
  High quality, nonduplicate, properly paired, uniquely mapped autosomal alignments: 0
    as a percentage of autosomal reads: nan%
    as a percentage of all reads: 0.000%
  TSS enrichment: -nan

  Paired Read Metrics
  -------------------
  Paired reads: 0 (0.000%)
  Paired and mapped reads: 0 (0.000%)
  FR reads: 0 (0.000000%)
  First of pair: 0 (0.000%)
  Second of pair: 0 (0.000%)
  Forward reads: 53837 (53.856%)
  Reverse reads: 46128 (46.144%)
  Forward mate reads: 99965 (100.000%)
  Reverse mate reads: 0 (0.000%)

  Unmapped Read Metrics
  ---------------------
  Unmapped reads:                       0 (0.000%)
  Unmapped mate reads:                  0 (0.000%)
  Reads not passing quality controls:   0 (0.000%)
  Unpaired reads:                       99965 (100.000%)
  Reads with zero mapping quality:      0 (0.000%)

  Aberrant Mapping Metrics
  ------------------------
  RF reads:                             0 (0.000000%)
  FF reads:                             0 (0.000000%)
  RR reads:                             0 (0.000000%)
  Reads that paired and mapped but...   
    on different chromosomes:           0 (0.000%)
    probably too far from their mates:  0 (0.000%) (longest proper fragment seems to be 0)
    just not properly:                  0 (0.000%)

  Autosomal/Mitochondrial Metrics
  -------------------------------
  Total autosomal reads: 0 (0.000% of all reads)
  Total mitochondrial reads: 0 (0.000% of all reads)
  Duplicate autosomal reads: 0 (nan% of all autosomal reads)
  Duplicate mitochondrial reads: 0 (nan% of all mitochondrial reads)


  Mapping Quality
  ---------------
  Mean MAPQ: 24.925
  Median MAPQ: 0.000
  Reads with MAPQ >=...
                   5: 42533 (42.548%)
                  10: 42318 (42.333%)
                  15: 42005 (42.020%)
                  20: 41905 (41.920%)
                  25: 41758 (41.773%)
                  30: 41465 (41.480%)

  Peak Metrics
  ------------
  Peak count: 717

  High quality autosomal alignments that overlapped peaks: 0 (nan% of all high quality autosomal alignments)
  Number of high quality autosomal alignments overlapping the top 10,000 peaks: 
          Top peak: 0 (nan% of all high quality autosomal alignments)
      Top 10 peaks: 0 (nan% of all high quality autosomal alignments)
     Top 100 peaks: 0 (nan% of all high quality autosomal alignments)
    Top 1000 peaks: 0 (nan% of all high quality autosomal alignments)
  Top 10,000 peaks: 0 (nan% of all high quality autosomal alignments)


Writing JSON metrics to OSMOTIC_STRESS_T100_SE_REP2.ataqv.json
Metrics written to "OSMOTIC_STRESS_T100_SE_REP2.ataqv.json"
Finished.
