INFO:    Environment variable SINGULARITYENV_NXF_TASK_WORKDIR is set, but APPTAINERENV_NXF_TASK_WORKDIR is preferred
INFO:    Environment variable SINGULARITYENV_NXF_DEBUG is set, but APPTAINERENV_NXF_DEBUG is preferred
INFO  @ Fri, 25 Oct 2024 13:21:40: 
# Command line: callpeak --keep-dup all --nomodel --broad --broad-cutoff 0.1 --gsize 11624332 --format BAMPE --name OSMOTIC_STRESS_T0_PE --treatment OSMOTIC_STRESS_T0_PE.sorted.bam
# ARGUMENTS LIST:
# name = OSMOTIC_STRESS_T0_PE
# format = BAMPE
# ChIP-seq file = ['OSMOTIC_STRESS_T0_PE.sorted.bam']
# control file = None
# effective genome size = 1.16e+07
# band width = 300
# model fold = [5, 50]
# qvalue cutoff for narrow/strong regions = 5.00e-02
# qvalue cutoff for broad/weak regions = 1.00e-01
# The maximum gap between significant sites is assigned as the read length/tag size.
# The minimum length of peaks is assigned as the predicted fragment length "d".
# Larger dataset will be scaled towards smaller dataset.
# Range for calculating regional lambda is: 10000 bps
# Broad region calling is on
# Paired-End mode is on
 
INFO  @ Fri, 25 Oct 2024 13:21:40: #1 read fragment files... 
INFO  @ Fri, 25 Oct 2024 13:21:40: #1 read treatment fragments... 
INFO  @ Fri, 25 Oct 2024 13:21:41: 89213 fragments have been read. 
INFO  @ Fri, 25 Oct 2024 13:21:41: #1 mean fragment size is determined as 181.2 bp from treatment 
INFO  @ Fri, 25 Oct 2024 13:21:41: #1 fragment size = 181.2 
INFO  @ Fri, 25 Oct 2024 13:21:41: #1  total fragments in treatment: 89213 
INFO  @ Fri, 25 Oct 2024 13:21:41: #1 finished! 
INFO  @ Fri, 25 Oct 2024 13:21:41: #2 Build Peak Model... 
INFO  @ Fri, 25 Oct 2024 13:21:41: #2 Skipped... 
INFO  @ Fri, 25 Oct 2024 13:21:41: #3 Call peaks... 
INFO  @ Fri, 25 Oct 2024 13:21:41: #3 Call broad peaks with given level1 -log10qvalue cutoff and level2: 1.301030, 1.000000... 
INFO  @ Fri, 25 Oct 2024 13:21:41: #3 Pre-compute pvalue-qvalue table... 
INFO  @ Fri, 25 Oct 2024 13:21:41: #3 Call peaks for each chromosome... 
INFO  @ Fri, 25 Oct 2024 13:21:41: #4 Write output xls file... OSMOTIC_STRESS_T0_PE_peaks.xls 
INFO  @ Fri, 25 Oct 2024 13:21:41: #4 Write broad peak in broadPeak format file... OSMOTIC_STRESS_T0_PE_peaks.broadPeak 
INFO  @ Fri, 25 Oct 2024 13:21:41: #4 Write broad peak in bed12/gappedPeak format file... OSMOTIC_STRESS_T0_PE_peaks.gappedPeak 
INFO  @ Fri, 25 Oct 2024 13:21:41: Done! 
