INFO:    Environment variable SINGULARITYENV_NXF_TASK_WORKDIR is set, but APPTAINERENV_NXF_TASK_WORKDIR is preferred
INFO:    Environment variable SINGULARITYENV_NXF_DEBUG is set, but APPTAINERENV_NXF_DEBUG is preferred

        ==========     _____ _    _ ____  _____  ______          _____  
        =====         / ____| |  | |  _ \|  __ \|  ____|   /\   |  __ \ 
          =====      | (___ | |  | | |_) | |__) | |__     /  \  | |  | |
            ====      \___ \| |  | |  _ <|  _  /|  __|   / /\ \ | |  | |
              ====    ____) | |__| | |_) | | \ \| |____ / ____ \| |__| |
        ==========   |_____/ \____/|____/|_|  \_\______/_/    \_\_____/
	  v2.0.1

//========================== featureCounts setting ===========================\\
||                                                                            ||
||             Input files : 6 BAM files                                      ||
||                           o OSMOTIC_STRESS_T100_SE_REP2.sorted.bam         ||
||                           o OSMOTIC_STRESS_T100_SE_REP1.sorted.bam         ||
||                           o OSMOTIC_STRESS_T0_PE_REP2.sorted.bam           ||
||                           o OSMOTIC_STRESS_T150_SE_REP1.sorted.bam         ||
||                           o OSMOTIC_STRESS_T0_PE_REP1.sorted.bam           ||
||                           o OSMOTIC_STRESS_T15_PE_REP1.sorted.bam          ||
||                                                                            ||
||             Output file : consensus_peaks.featureCounts.txt                ||
||                 Summary : consensus_peaks.featureCounts.txt.summary        ||
||              Annotation : consensus_peaks.saf (SAF)                        ||
||      Dir for temp files : ./                                               ||
||                                                                            ||
||                 Threads : 2                                                ||
||                   Level : meta-feature level                               ||
||              Paired-end : yes                                              ||
||      Multimapping reads : not counted                                      ||
|| Multi-overlapping reads : counted                                          ||
||   Min overlapping bases : 1                                                ||
||   Min overlapping frac. : 20.0% to reads                                   ||
||                                                                            ||
||          Chimeric reads : counted                                          ||
||        Both ends mapped : not required                                     ||
||                                                                            ||
\\============================================================================//

//================================= Running ==================================\\
||                                                                            ||
|| Load annotation file consensus_peaks.saf ...                               ||
||    Features : 1902                                                         ||
||    Meta-features : 1902                                                    ||
||    Chromosomes/contigs : 16                                                ||
||                                                                            ||
|| Process BAM file OSMOTIC_STRESS_T100_SE_REP2.sorted.bam...                 ||
||    WARNING: Single-end reads were found.                                   ||
||    Total alignments : 37686                                                ||
||    Successfully assigned alignments : 18709 (49.6%)                        ||
||    Running time : 0.00 minutes                                             ||
||                                                                            ||
|| Process BAM file OSMOTIC_STRESS_T100_SE_REP1.sorted.bam...                 ||
||    WARNING: Single-end reads were found.                                   ||
||    Total alignments : 46713                                                ||
||    Successfully assigned alignments : 23966 (51.3%)                        ||
||    Running time : 0.00 minutes                                             ||
||                                                                            ||
|| Process BAM file OSMOTIC_STRESS_T0_PE_REP2.sorted.bam...                   ||
||    Paired-end reads are included.                                          ||
||    Total alignments : 40322                                                ||
||    Successfully assigned alignments : 22550 (55.9%)                        ||
||    Running time : 0.00 minutes                                             ||
||                                                                            ||
|| Process BAM file OSMOTIC_STRESS_T150_SE_REP1.sorted.bam...                 ||
||    WARNING: Single-end reads were found.                                   ||
||    Total alignments : 113952                                               ||
||    Successfully assigned alignments : 55118 (48.4%)                        ||
||    Running time : 0.00 minutes                                             ||
||                                                                            ||
|| Process BAM file OSMOTIC_STRESS_T0_PE_REP1.sorted.bam...                   ||
||    Paired-end reads are included.                                          ||
||    Total alignments : 49001                                                ||
||    Successfully assigned alignments : 27380 (55.9%)                        ||
||    Running time : 0.00 minutes                                             ||
||                                                                            ||
|| Process BAM file OSMOTIC_STRESS_T15_PE_REP1.sorted.bam...                  ||
||    Paired-end reads are included.                                          ||
||    Total alignments : 118888                                               ||
||    Successfully assigned alignments : 63301 (53.2%)                        ||
||    Running time : 0.01 minutes                                             ||
||                                                                            ||
|| Write the final count table.                                               ||
|| Write the read assignment summary.                                         ||
||                                                                            ||
|| Summary of counting results can be found in file "consensus_peaks.feature  ||
|| Counts.txt.summary"                                                        ||
||                                                                            ||
\\============================================================================//

