ataqv 1.3.1

Operating parameters
====================
Thread limit: 2
Ignoring read groups: yes
Is single nucleus: no
TSS extension: 1000

Experiment information
======================
Organism: NA
Description: 
URL: 

Reference genome configuration
==============================
Mitochondrial reference: MT
Autosomal references: 
  I, II, III, IV, IX, V, VI, VII, VIII, X, XI, XII, XIII, XIV, XV, XVI


Read Group
==========
ID: OSMOTIC_STRESS_T150_SE_REP1
Library: OSMOTIC_STRESS_T150_SE_REP1
Sample: OSMOTIC_STRESS_T150_SE_REP1
Description: 

Sequencing center: 
Sequencing date: 
Sequencing platform: 
Platform model: 
Platform unit: 
Flow order: 
Key sequence: 
Predicted median insert size: 
Programs: 

Metrics
-------

  Read Mapping Metrics
  --------------------
  Total reads: 199967
  Total problems: 199967 (100.000%)
  Properly paired and mapped reads: 0 (0.000%)
  Secondary reads: 0 (0.000%)
  Supplementary reads: 0 (0.000%)
  Duplicate reads: 44356 (22.182% of all reads)

  Quality Indicators
  ------------------
  Short to mononucleosomal ratio: nan
  High quality, nonduplicate, properly paired, uniquely mapped autosomal alignments: 0
    as a percentage of autosomal reads: nan%
    as a percentage of all reads: 0.000%
  TSS enrichment: -nan

  Paired Read Metrics
  -------------------
  Paired reads: 0 (0.000%)
  Paired and mapped reads: 0 (0.000%)
  FR reads: 0 (0.000000%)
  First of pair: 0 (0.000%)
  Second of pair: 0 (0.000%)
  Forward reads: 105927 (52.972%)
  Reverse reads: 94040 (47.028%)
  Forward mate reads: 199967 (100.000%)
  Reverse mate reads: 0 (0.000%)

  Unmapped Read Metrics
  ---------------------
  Unmapped reads:                       0 (0.000%)
  Unmapped mate reads:                  0 (0.000%)
  Reads not passing quality controls:   0 (0.000%)
  Unpaired reads:                       199967 (100.000%)
  Reads with zero mapping quality:      0 (0.000%)

  Aberrant Mapping Metrics
  ------------------------
  RF reads:                             0 (0.000000%)
  FF reads:                             0 (0.000000%)
  RR reads:                             0 (0.000000%)
  Reads that paired and mapped but...   
    on different chromosomes:           0 (0.000%)
    probably too far from their mates:  0 (0.000%) (longest proper fragment seems to be 0)
    just not properly:                  0 (0.000%)

  Autosomal/Mitochondrial Metrics
  -------------------------------
  Total autosomal reads: 0 (0.000% of all reads)
  Total mitochondrial reads: 0 (0.000% of all reads)
  Duplicate autosomal reads: 0 (nan% of all autosomal reads)
  Duplicate mitochondrial reads: 0 (nan% of all mitochondrial reads)


  Mapping Quality
  ---------------
  Mean MAPQ: 36.583
  Median MAPQ: 60.000
  Reads with MAPQ >=...
                   5: 123449 (61.735%)
                  10: 123196 (61.608%)
                  15: 122618 (61.319%)
                  20: 122494 (61.257%)
                  25: 122339 (61.180%)
                  30: 121892 (60.956%)

  Peak Metrics
  ------------
  Peak count: 1549

  High quality autosomal alignments that overlapped peaks: 0 (nan% of all high quality autosomal alignments)
  Number of high quality autosomal alignments overlapping the top 10,000 peaks: 
          Top peak: 0 (nan% of all high quality autosomal alignments)
      Top 10 peaks: 0 (nan% of all high quality autosomal alignments)
     Top 100 peaks: 0 (nan% of all high quality autosomal alignments)
    Top 1000 peaks: 0 (nan% of all high quality autosomal alignments)
  Top 10,000 peaks: 0 (nan% of all high quality autosomal alignments)


Writing JSON metrics to OSMOTIC_STRESS_T150_SE_REP1.ataqv.json
Metrics written to "OSMOTIC_STRESS_T150_SE_REP1.ataqv.json"
Finished.
