INFO:    Environment variable SINGULARITYENV_NXF_TASK_WORKDIR is set, but APPTAINERENV_NXF_TASK_WORKDIR is preferred
INFO:    Environment variable SINGULARITYENV_NXF_DEBUG is set, but APPTAINERENV_NXF_DEBUG is preferred
Using 2 concurrent processes to transform ataqv output files
Copying web visualizer template directory /usr/local/web to ./html/
Creating data directory ./html/data
Adding metrics file jsons/OSMOTIC_STRESS_T0_PE_REP2.ataqv.json
Adding metrics file jsons/OSMOTIC_STRESS_T0_PE_REP1.ataqv.json
Adding metrics file jsons/OSMOTIC_STRESS_T100_SE_REP1.ataqv.json
Adding metrics file jsons/OSMOTIC_STRESS_T100_SE_REP2.ataqv.json
Adding metrics file jsons/OSMOTIC_STRESS_T150_SE_REP1.ataqv.json
Adding metrics file jsons/OSMOTIC_STRESS_T15_PE_REP1.ataqv.json
Using SRR891268 as the reference fragment length distribution.
Writing OSMOTIC_STRESS_T0_PE_REP1 metrics to ./html/data/OSMOTIC_STRESS_T0_PE_REP1.json.gz
Writing OSMOTIC_STRESS_T0_PE_REP2 metrics to ./html/data/OSMOTIC_STRESS_T0_PE_REP2.json.gz
Writing OSMOTIC_STRESS_T100_SE_REP1 metrics to ./html/data/OSMOTIC_STRESS_T100_SE_REP1.json.gz
Writing OSMOTIC_STRESS_T100_SE_REP2 metrics to ./html/data/OSMOTIC_STRESS_T100_SE_REP2.json.gz
Writing OSMOTIC_STRESS_T150_SE_REP1 metrics to ./html/data/OSMOTIC_STRESS_T150_SE_REP1.json.gz
Writing OSMOTIC_STRESS_T15_PE_REP1 metrics to ./html/data/OSMOTIC_STRESS_T15_PE_REP1.json.gz
Adding viewer-specific metrics...
Writing data for ataqv viewer to ./html/js/configuration.js
