INFO:    Environment variable SINGULARITYENV_NXF_TASK_WORKDIR is set, but APPTAINERENV_NXF_TASK_WORKDIR is preferred
INFO:    Environment variable SINGULARITYENV_NXF_DEBUG is set, but APPTAINERENV_NXF_DEBUG is preferred
/usr/local/bin/picard: line 5: warning: setlocale: LC_ALL: cannot change locale (en_US.UTF-8): No such file or directory
INFO	2024-10-25 18:52:49	RExecutor	Executing R script via command: Rscript /tmp/script17718240809218827506.R
ERROR	2024-10-25 18:52:49	ProcessExecutor	/bin/sh: warning: setlocale: LC_ALL: cannot change locale (en_US.UTF-8)
ERROR	2024-10-25 18:52:50	ProcessExecutor	sh: warning: setlocale: LC_ALL: cannot change locale (en_US.UTF-8)
ERROR	2024-10-25 18:52:50	ProcessExecutor	sh: warning: setlocale: LC_ALL: cannot change locale (en_US.UTF-8)
ERROR	2024-10-25 18:52:50	ProcessExecutor	During startup - Warning messages:
ERROR	2024-10-25 18:52:50	ProcessExecutor	1: Setting LC_CTYPE failed, using "C" 
ERROR	2024-10-25 18:52:50	ProcessExecutor	2: Setting LC_COLLATE failed, using "C" 
ERROR	2024-10-25 18:52:50	ProcessExecutor	3: Setting LC_TIME failed, using "C" 
ERROR	2024-10-25 18:52:50	ProcessExecutor	4: Setting LC_MESSAGES failed, using "C" 
ERROR	2024-10-25 18:52:50	ProcessExecutor	5: Setting LC_MONETARY failed, using "C" 
ERROR	2024-10-25 18:52:50	ProcessExecutor	6: Setting LC_PAPER failed, using "C" 
ERROR	2024-10-25 18:52:50	ProcessExecutor	7: Setting LC_MEASUREMENT failed, using "C" 
INFO	2024-10-25 18:52:50	ProcessExecutor	[1] "Checking if R is installed"
ERROR	2024-10-25 18:52:50	ProcessExecutor	sh: warning: setlocale: LC_ALL: cannot change locale (en_US.UTF-8)
18:52:50.394 INFO  NativeLibraryLoader - Loading libgkl_compression.so from jar:file:/usr/local/share/picard-3.0.0-1/picard.jar!/com/intel/gkl/native/libgkl_compression.so
[Fri Oct 25 18:52:50 GMT 2024] CollectMultipleMetrics --INPUT OSMOTIC_STRESS_T15_PE_REP1.sorted.bam --OUTPUT OSMOTIC_STRESS_T15_PE_REP1.CollectMultipleMetrics --TMP_DIR tmp --VALIDATION_STRINGENCY LENIENT --REFERENCE_SEQUENCE genome.fa --ASSUME_SORTED true --STOP_AFTER 0 --METRIC_ACCUMULATION_LEVEL ALL_READS --PROGRAM CollectAlignmentSummaryMetrics --PROGRAM CollectBaseDistributionByCycle --PROGRAM CollectInsertSizeMetrics --PROGRAM MeanQualityByCycle --PROGRAM QualityScoreDistribution --INCLUDE_UNPAIRED false --VERBOSITY INFO --QUIET false --COMPRESSION_LEVEL 5 --MAX_RECORDS_IN_RAM 500000 --CREATE_INDEX false --CREATE_MD5_FILE false --help false --version false --showHidden false --USE_JDK_DEFLATER false --USE_JDK_INFLATER false
[Fri Oct 25 18:52:50 GMT 2024] Executing as leizheng@helab0 on Linux 6.8.0-38-generic amd64; OpenJDK 64-Bit Server VM 17.0.3-internal+0-adhoc..src; Deflater: Intel; Inflater: Intel; Provider GCS is not available; Picard version: Version:3.0.0
INFO	2024-10-25 18:52:52	RExecutor	Executing R script via command: Rscript /tmp/script12678364738260447258.R /home/leizheng/workspace/pipeline/ATAC-seq/work/48/66148bd0b1a163950eb6ecc725e6be/OSMOTIC_STRESS_T15_PE_REP1.CollectMultipleMetrics.alignment_summary_metrics /home/leizheng/workspace/pipeline/ATAC-seq/work/48/66148bd0b1a163950eb6ecc725e6be/OSMOTIC_STRESS_T15_PE_REP1.CollectMultipleMetrics.read_length_histogram.pdf OSMOTIC_STRESS_T15_PE_REP1.sorted.bam
ERROR	2024-10-25 18:52:52	ProcessExecutor	/bin/sh: warning: setlocale: LC_ALL: cannot change locale (en_US.UTF-8)
ERROR	2024-10-25 18:52:53	ProcessExecutor	sh: warning: setlocale: LC_ALL: cannot change locale (en_US.UTF-8)
ERROR	2024-10-25 18:52:53	ProcessExecutor	sh: warning: setlocale: LC_ALL: cannot change locale (en_US.UTF-8)
ERROR	2024-10-25 18:52:53	ProcessExecutor	During startup - Warning messages:
ERROR	2024-10-25 18:52:53	ProcessExecutor	1: Setting LC_CTYPE failed, using "C" 
ERROR	2024-10-25 18:52:53	ProcessExecutor	2: Setting LC_COLLATE failed, using "C" 
ERROR	2024-10-25 18:52:53	ProcessExecutor	3: Setting LC_TIME failed, using "C" 
ERROR	2024-10-25 18:52:53	ProcessExecutor	4: Setting LC_MESSAGES failed, using "C" 
ERROR	2024-10-25 18:52:53	ProcessExecutor	5: Setting LC_MONETARY failed, using "C" 
ERROR	2024-10-25 18:52:53	ProcessExecutor	6: Setting LC_PAPER failed, using "C" 
ERROR	2024-10-25 18:52:53	ProcessExecutor	7: Setting LC_MEASUREMENT failed, using "C" 
INFO	2024-10-25 18:52:53	ProcessExecutor	null device 
INFO	2024-10-25 18:52:53	ProcessExecutor	          1 
ERROR	2024-10-25 18:52:53	ProcessExecutor	sh: warning: setlocale: LC_ALL: cannot change locale (en_US.UTF-8)
INFO	2024-10-25 18:52:53	RExecutor	Executing R script via command: Rscript /tmp/script41328413021765245.R /home/leizheng/workspace/pipeline/ATAC-seq/work/48/66148bd0b1a163950eb6ecc725e6be/OSMOTIC_STRESS_T15_PE_REP1.CollectMultipleMetrics.base_distribution_by_cycle_metrics /home/leizheng/workspace/pipeline/ATAC-seq/work/48/66148bd0b1a163950eb6ecc725e6be/OSMOTIC_STRESS_T15_PE_REP1.CollectMultipleMetrics.base_distribution_by_cycle.pdf OSMOTIC_STRESS_T15_PE_REP1.sorted.bam 
ERROR	2024-10-25 18:52:53	ProcessExecutor	/bin/sh: warning: setlocale: LC_ALL: cannot change locale (en_US.UTF-8)
ERROR	2024-10-25 18:52:53	ProcessExecutor	sh: warning: setlocale: LC_ALL: cannot change locale (en_US.UTF-8)
ERROR	2024-10-25 18:52:53	ProcessExecutor	sh: warning: setlocale: LC_ALL: cannot change locale (en_US.UTF-8)
ERROR	2024-10-25 18:52:53	ProcessExecutor	During startup - Warning messages:
ERROR	2024-10-25 18:52:53	ProcessExecutor	1: Setting LC_CTYPE failed, using "C" 
ERROR	2024-10-25 18:52:53	ProcessExecutor	2: Setting LC_COLLATE failed, using "C" 
ERROR	2024-10-25 18:52:53	ProcessExecutor	3: Setting LC_TIME failed, using "C" 
ERROR	2024-10-25 18:52:53	ProcessExecutor	4: Setting LC_MESSAGES failed, using "C" 
ERROR	2024-10-25 18:52:53	ProcessExecutor	5: Setting LC_MONETARY failed, using "C" 
ERROR	2024-10-25 18:52:53	ProcessExecutor	6: Setting LC_PAPER failed, using "C" 
ERROR	2024-10-25 18:52:53	ProcessExecutor	7: Setting LC_MEASUREMENT failed, using "C" 
INFO	2024-10-25 18:52:53	ProcessExecutor	null device 
INFO	2024-10-25 18:52:53	ProcessExecutor	          1 
ERROR	2024-10-25 18:52:53	ProcessExecutor	sh: warning: setlocale: LC_ALL: cannot change locale (en_US.UTF-8)
INFO	2024-10-25 18:52:53	RExecutor	Executing R script via command: Rscript /tmp/script1100025375333722415.R /home/leizheng/workspace/pipeline/ATAC-seq/work/48/66148bd0b1a163950eb6ecc725e6be/OSMOTIC_STRESS_T15_PE_REP1.CollectMultipleMetrics.insert_size_metrics /home/leizheng/workspace/pipeline/ATAC-seq/work/48/66148bd0b1a163950eb6ecc725e6be/OSMOTIC_STRESS_T15_PE_REP1.CollectMultipleMetrics.insert_size_histogram.pdf OSMOTIC_STRESS_T15_PE_REP1.sorted.bam
ERROR	2024-10-25 18:52:53	ProcessExecutor	/bin/sh: warning: setlocale: LC_ALL: cannot change locale (en_US.UTF-8)
ERROR	2024-10-25 18:52:53	ProcessExecutor	sh: warning: setlocale: LC_ALL: cannot change locale (en_US.UTF-8)
ERROR	2024-10-25 18:52:53	ProcessExecutor	sh: warning: setlocale: LC_ALL: cannot change locale (en_US.UTF-8)
ERROR	2024-10-25 18:52:54	ProcessExecutor	During startup - Warning messages:
ERROR	2024-10-25 18:52:54	ProcessExecutor	1: Setting LC_CTYPE failed, using "C" 
ERROR	2024-10-25 18:52:54	ProcessExecutor	2: Setting LC_COLLATE failed, using "C" 
ERROR	2024-10-25 18:52:54	ProcessExecutor	3: Setting LC_TIME failed, using "C" 
ERROR	2024-10-25 18:52:54	ProcessExecutor	4: Setting LC_MESSAGES failed, using "C" 
ERROR	2024-10-25 18:52:54	ProcessExecutor	5: Setting LC_MONETARY failed, using "C" 
ERROR	2024-10-25 18:52:54	ProcessExecutor	6: Setting LC_PAPER failed, using "C" 
ERROR	2024-10-25 18:52:54	ProcessExecutor	7: Setting LC_MEASUREMENT failed, using "C" 
INFO	2024-10-25 18:52:54	ProcessExecutor	null device 
INFO	2024-10-25 18:52:54	ProcessExecutor	          1 
ERROR	2024-10-25 18:52:54	ProcessExecutor	sh: warning: setlocale: LC_ALL: cannot change locale (en_US.UTF-8)
INFO	2024-10-25 18:52:54	RExecutor	Executing R script via command: Rscript /tmp/script4202202778250071765.R /home/leizheng/workspace/pipeline/ATAC-seq/work/48/66148bd0b1a163950eb6ecc725e6be/OSMOTIC_STRESS_T15_PE_REP1.CollectMultipleMetrics.quality_by_cycle_metrics /home/leizheng/workspace/pipeline/ATAC-seq/work/48/66148bd0b1a163950eb6ecc725e6be/OSMOTIC_STRESS_T15_PE_REP1.CollectMultipleMetrics.quality_by_cycle.pdf OSMOTIC_STRESS_T15_PE_REP1.sorted.bam 
ERROR	2024-10-25 18:52:54	ProcessExecutor	/bin/sh: warning: setlocale: LC_ALL: cannot change locale (en_US.UTF-8)
ERROR	2024-10-25 18:52:54	ProcessExecutor	sh: warning: setlocale: LC_ALL: cannot change locale (en_US.UTF-8)
ERROR	2024-10-25 18:52:54	ProcessExecutor	sh: warning: setlocale: LC_ALL: cannot change locale (en_US.UTF-8)
ERROR	2024-10-25 18:52:54	ProcessExecutor	During startup - Warning messages:
ERROR	2024-10-25 18:52:54	ProcessExecutor	1: Setting LC_CTYPE failed, using "C" 
ERROR	2024-10-25 18:52:54	ProcessExecutor	2: Setting LC_COLLATE failed, using "C" 
ERROR	2024-10-25 18:52:54	ProcessExecutor	3: Setting LC_TIME failed, using "C" 
ERROR	2024-10-25 18:52:54	ProcessExecutor	4: Setting LC_MESSAGES failed, using "C" 
ERROR	2024-10-25 18:52:54	ProcessExecutor	5: Setting LC_MONETARY failed, using "C" 
ERROR	2024-10-25 18:52:54	ProcessExecutor	6: Setting LC_PAPER failed, using "C" 
ERROR	2024-10-25 18:52:54	ProcessExecutor	7: Setting LC_MEASUREMENT failed, using "C" 
INFO	2024-10-25 18:52:54	ProcessExecutor	null device 
INFO	2024-10-25 18:52:54	ProcessExecutor	          1 
ERROR	2024-10-25 18:52:54	ProcessExecutor	sh: warning: setlocale: LC_ALL: cannot change locale (en_US.UTF-8)
INFO	2024-10-25 18:52:54	RExecutor	Executing R script via command: Rscript /tmp/script11324936729468418893.R /home/leizheng/workspace/pipeline/ATAC-seq/work/48/66148bd0b1a163950eb6ecc725e6be/OSMOTIC_STRESS_T15_PE_REP1.CollectMultipleMetrics.quality_distribution_metrics /home/leizheng/workspace/pipeline/ATAC-seq/work/48/66148bd0b1a163950eb6ecc725e6be/OSMOTIC_STRESS_T15_PE_REP1.CollectMultipleMetrics.quality_distribution.pdf OSMOTIC_STRESS_T15_PE_REP1.sorted.bam 
ERROR	2024-10-25 18:52:54	ProcessExecutor	/bin/sh: warning: setlocale: LC_ALL: cannot change locale (en_US.UTF-8)
ERROR	2024-10-25 18:52:55	ProcessExecutor	sh: warning: setlocale: LC_ALL: cannot change locale (en_US.UTF-8)
ERROR	2024-10-25 18:52:55	ProcessExecutor	sh: warning: setlocale: LC_ALL: cannot change locale (en_US.UTF-8)
ERROR	2024-10-25 18:52:55	ProcessExecutor	During startup - Warning messages:
ERROR	2024-10-25 18:52:55	ProcessExecutor	1: Setting LC_CTYPE failed, using "C" 
ERROR	2024-10-25 18:52:55	ProcessExecutor	2: Setting LC_COLLATE failed, using "C" 
ERROR	2024-10-25 18:52:55	ProcessExecutor	3: Setting LC_TIME failed, using "C" 
ERROR	2024-10-25 18:52:55	ProcessExecutor	4: Setting LC_MESSAGES failed, using "C" 
ERROR	2024-10-25 18:52:55	ProcessExecutor	5: Setting LC_MONETARY failed, using "C" 
ERROR	2024-10-25 18:52:55	ProcessExecutor	6: Setting LC_PAPER failed, using "C" 
ERROR	2024-10-25 18:52:55	ProcessExecutor	7: Setting LC_MEASUREMENT failed, using "C" 
INFO	2024-10-25 18:52:55	ProcessExecutor	null device 
INFO	2024-10-25 18:52:55	ProcessExecutor	          1 
ERROR	2024-10-25 18:52:55	ProcessExecutor	sh: warning: setlocale: LC_ALL: cannot change locale (en_US.UTF-8)
[Fri Oct 25 18:52:55 GMT 2024] picard.analysis.CollectMultipleMetrics done. Elapsed time: 0.08 minutes.
Runtime.totalMemory()=2155872256
