INFO:    Environment variable SINGULARITYENV_NXF_TASK_WORKDIR is set, but APPTAINERENV_NXF_TASK_WORKDIR is preferred
INFO:    Environment variable SINGULARITYENV_NXF_DEBUG is set, but APPTAINERENV_NXF_DEBUG is preferred
/usr/local/bin/picard: line 5: warning: setlocale: LC_ALL: cannot change locale (en_US.UTF-8): No such file or directory
18:52:18.913 INFO  NativeLibraryLoader - Loading libgkl_compression.so from jar:file:/usr/local/share/picard-3.0.0-1/picard.jar!/com/intel/gkl/native/libgkl_compression.so
[Fri Oct 25 18:52:18 GMT 2024] MarkDuplicates --INPUT OSMOTIC_STRESS_T0_PE_REP1.mLb.sorted.bam --OUTPUT OSMOTIC_STRESS_T0_PE_REP1.mLb.mkD.sorted.bam --METRICS_FILE OSMOTIC_STRESS_T0_PE_REP1.mLb.mkD.sorted.MarkDuplicates.metrics.txt --REMOVE_DUPLICATES false --ASSUME_SORTED true --TMP_DIR tmp --VALIDATION_STRINGENCY LENIENT --REFERENCE_SEQUENCE genome.fa --MAX_SEQUENCES_FOR_DISK_READ_ENDS_MAP 50000 --MAX_FILE_HANDLES_FOR_READ_ENDS_MAP 8000 --SORTING_COLLECTION_SIZE_RATIO 0.25 --TAG_DUPLICATE_SET_MEMBERS false --REMOVE_SEQUENCING_DUPLICATES false --TAGGING_POLICY DontTag --CLEAR_DT true --DUPLEX_UMI false --FLOW_MODE false --FLOW_QUALITY_SUM_STRATEGY false --USE_END_IN_UNPAIRED_READS false --USE_UNPAIRED_CLIPPED_END false --UNPAIRED_END_UNCERTAINTY 0 --FLOW_SKIP_FIRST_N_FLOWS 0 --FLOW_Q_IS_KNOWN_END false --FLOW_EFFECTIVE_QUALITY_THRESHOLD 15 --ADD_PG_TAG_TO_READS true --DUPLICATE_SCORING_STRATEGY SUM_OF_BASE_QUALITIES --PROGRAM_RECORD_ID MarkDuplicates --PROGRAM_GROUP_NAME MarkDuplicates --READ_NAME_REGEX <optimized capture of last three ':' separated fields as numeric values> --OPTICAL_DUPLICATE_PIXEL_DISTANCE 100 --MAX_OPTICAL_DUPLICATE_SET_SIZE 300000 --VERBOSITY INFO --QUIET false --COMPRESSION_LEVEL 5 --MAX_RECORDS_IN_RAM 500000 --CREATE_INDEX false --CREATE_MD5_FILE false --help false --version false --showHidden false --USE_JDK_DEFLATER false --USE_JDK_INFLATER false
[Fri Oct 25 18:52:18 GMT 2024] Executing as leizheng@helab0 on Linux 6.8.0-38-generic amd64; OpenJDK 64-Bit Server VM 17.0.3-internal+0-adhoc..src; Deflater: Intel; Inflater: Intel; Provider GCS is not available; Picard version: Version:3.0.0
INFO	2024-10-25 18:52:19	MarkDuplicates	Start of doWork freeMemory: 187009152; totalMemory: 197132288; maxMemory: 5154799616
INFO	2024-10-25 18:52:19	MarkDuplicates	Reading input file and constructing read end information.
INFO	2024-10-25 18:52:19	MarkDuplicates	Will retain up to 18676810 data points before spilling to disk.
WARNING	2024-10-25 18:52:19	AbstractOpticalDuplicateFinderCommandLineProgram	A field field parsed out of a read name was expected to contain an integer and did not. Read name: SRR1822153.3604974. Cause: String 'SRR1822153.3604974' did not start with a parsable number.
INFO	2024-10-25 18:52:20	MarkDuplicates	Read 190826 records. 0 pairs never matched.
INFO	2024-10-25 18:52:20	MarkDuplicates	After buildSortedReadEndLists freeMemory: 487447784; totalMemory: 671088640; maxMemory: 5154799616
INFO	2024-10-25 18:52:20	MarkDuplicates	Will retain up to 161087488 duplicate indices before spilling to disk.
INFO	2024-10-25 18:52:21	MarkDuplicates	Traversing read pair information and detecting duplicates.
INFO	2024-10-25 18:52:21	MarkDuplicates	Traversing fragment information and detecting duplicates.
INFO	2024-10-25 18:52:21	MarkDuplicates	Sorting list of duplicate records.
INFO	2024-10-25 18:52:21	MarkDuplicates	After generateDuplicateIndexes freeMemory: 1107645656; totalMemory: 2411724800; maxMemory: 5154799616
INFO	2024-10-25 18:52:21	MarkDuplicates	Marking 9143 records as duplicates.
INFO	2024-10-25 18:52:21	MarkDuplicates	Found 0 optical duplicate clusters.
INFO	2024-10-25 18:52:21	MarkDuplicates	Reads are assumed to be ordered by: coordinate
INFO	2024-10-25 18:52:23	MarkDuplicates	Writing complete. Closing input iterator.
INFO	2024-10-25 18:52:23	MarkDuplicates	Duplicate Index cleanup.
INFO	2024-10-25 18:52:23	MarkDuplicates	Getting Memory Stats.
INFO	2024-10-25 18:52:23	MarkDuplicates	Before output close freeMemory: 490720200; totalMemory: 503316480; maxMemory: 5154799616
INFO	2024-10-25 18:52:23	MarkDuplicates	Closed outputs. Getting more Memory Stats.
INFO	2024-10-25 18:52:23	MarkDuplicates	After output close freeMemory: 184552680; totalMemory: 197132288; maxMemory: 5154799616
[Fri Oct 25 18:52:23 GMT 2024] picard.sam.markduplicates.MarkDuplicates done. Elapsed time: 0.09 minutes.
Runtime.totalMemory()=197132288
