INFO:    Environment variable SINGULARITYENV_NXF_TASK_WORKDIR is set, but APPTAINERENV_NXF_TASK_WORKDIR is preferred
INFO:    Environment variable SINGULARITYENV_NXF_DEBUG is set, but APPTAINERENV_NXF_DEBUG is preferred
/usr/local/bin/picard: line 5: warning: setlocale: LC_ALL: cannot change locale (en_US.UTF-8): No such file or directory
INFO	2024-10-25 18:21:11	RExecutor	Executing R script via command: Rscript /tmp/script14739259745448544485.R
ERROR	2024-10-25 18:21:11	ProcessExecutor	/bin/sh: warning: setlocale: LC_ALL: cannot change locale (en_US.UTF-8)
ERROR	2024-10-25 18:21:12	ProcessExecutor	sh: warning: setlocale: LC_ALL: cannot change locale (en_US.UTF-8)
ERROR	2024-10-25 18:21:12	ProcessExecutor	sh: warning: setlocale: LC_ALL: cannot change locale (en_US.UTF-8)
ERROR	2024-10-25 18:21:12	ProcessExecutor	During startup - Warning messages:
ERROR	2024-10-25 18:21:12	ProcessExecutor	1: Setting LC_CTYPE failed, using "C" 
ERROR	2024-10-25 18:21:12	ProcessExecutor	2: Setting LC_COLLATE failed, using "C" 
ERROR	2024-10-25 18:21:12	ProcessExecutor	3: Setting LC_TIME failed, using "C" 
ERROR	2024-10-25 18:21:12	ProcessExecutor	4: Setting LC_MESSAGES failed, using "C" 
ERROR	2024-10-25 18:21:12	ProcessExecutor	5: Setting LC_MONETARY failed, using "C" 
ERROR	2024-10-25 18:21:12	ProcessExecutor	6: Setting LC_PAPER failed, using "C" 
ERROR	2024-10-25 18:21:12	ProcessExecutor	7: Setting LC_MEASUREMENT failed, using "C" 
INFO	2024-10-25 18:21:12	ProcessExecutor	[1] "Checking if R is installed"
ERROR	2024-10-25 18:21:12	ProcessExecutor	sh: warning: setlocale: LC_ALL: cannot change locale (en_US.UTF-8)
18:21:12.505 INFO  NativeLibraryLoader - Loading libgkl_compression.so from jar:file:/usr/local/share/picard-3.0.0-1/picard.jar!/com/intel/gkl/native/libgkl_compression.so
[Fri Oct 25 18:21:12 GMT 2024] CollectMultipleMetrics --INPUT OSMOTIC_STRESS_T0_PE_REP1.sorted.bam --OUTPUT OSMOTIC_STRESS_T0_PE_REP1.CollectMultipleMetrics --TMP_DIR tmp --VALIDATION_STRINGENCY LENIENT --REFERENCE_SEQUENCE genome.fa --ASSUME_SORTED true --STOP_AFTER 0 --METRIC_ACCUMULATION_LEVEL ALL_READS --PROGRAM CollectAlignmentSummaryMetrics --PROGRAM CollectBaseDistributionByCycle --PROGRAM CollectInsertSizeMetrics --PROGRAM MeanQualityByCycle --PROGRAM QualityScoreDistribution --INCLUDE_UNPAIRED false --VERBOSITY INFO --QUIET false --COMPRESSION_LEVEL 5 --MAX_RECORDS_IN_RAM 500000 --CREATE_INDEX false --CREATE_MD5_FILE false --help false --version false --showHidden false --USE_JDK_DEFLATER false --USE_JDK_INFLATER false
[Fri Oct 25 18:21:12 GMT 2024] Executing as leizheng@helab0 on Linux 6.8.0-38-generic amd64; OpenJDK 64-Bit Server VM 17.0.3-internal+0-adhoc..src; Deflater: Intel; Inflater: Intel; Provider GCS is not available; Picard version: Version:3.0.0
INFO	2024-10-25 18:21:14	RExecutor	Executing R script via command: Rscript /tmp/script14130378889053263874.R /home/leizheng/workspace/pipeline/ATAC-seq/work/f8/668a163b629ae74b7a5b0348b3f532/OSMOTIC_STRESS_T0_PE_REP1.CollectMultipleMetrics.alignment_summary_metrics /home/leizheng/workspace/pipeline/ATAC-seq/work/f8/668a163b629ae74b7a5b0348b3f532/OSMOTIC_STRESS_T0_PE_REP1.CollectMultipleMetrics.read_length_histogram.pdf OSMOTIC_STRESS_T0_PE_REP1.sorted.bam
ERROR	2024-10-25 18:21:14	ProcessExecutor	/bin/sh: warning: setlocale: LC_ALL: cannot change locale (en_US.UTF-8)
ERROR	2024-10-25 18:21:14	ProcessExecutor	sh: warning: setlocale: LC_ALL: cannot change locale (en_US.UTF-8)
ERROR	2024-10-25 18:21:14	ProcessExecutor	sh: warning: setlocale: LC_ALL: cannot change locale (en_US.UTF-8)
ERROR	2024-10-25 18:21:14	ProcessExecutor	During startup - Warning messages:
ERROR	2024-10-25 18:21:14	ProcessExecutor	1: Setting LC_CTYPE failed, using "C" 
ERROR	2024-10-25 18:21:14	ProcessExecutor	2: Setting LC_COLLATE failed, using "C" 
ERROR	2024-10-25 18:21:14	ProcessExecutor	3: Setting LC_TIME failed, using "C" 
ERROR	2024-10-25 18:21:14	ProcessExecutor	4: Setting LC_MESSAGES failed, using "C" 
ERROR	2024-10-25 18:21:14	ProcessExecutor	5: Setting LC_MONETARY failed, using "C" 
ERROR	2024-10-25 18:21:14	ProcessExecutor	6: Setting LC_PAPER failed, using "C" 
ERROR	2024-10-25 18:21:14	ProcessExecutor	7: Setting LC_MEASUREMENT failed, using "C" 
INFO	2024-10-25 18:21:14	ProcessExecutor	null device 
INFO	2024-10-25 18:21:14	ProcessExecutor	          1 
ERROR	2024-10-25 18:21:14	ProcessExecutor	sh: warning: setlocale: LC_ALL: cannot change locale (en_US.UTF-8)
INFO	2024-10-25 18:21:14	RExecutor	Executing R script via command: Rscript /tmp/script6466592399626044600.R /home/leizheng/workspace/pipeline/ATAC-seq/work/f8/668a163b629ae74b7a5b0348b3f532/OSMOTIC_STRESS_T0_PE_REP1.CollectMultipleMetrics.base_distribution_by_cycle_metrics /home/leizheng/workspace/pipeline/ATAC-seq/work/f8/668a163b629ae74b7a5b0348b3f532/OSMOTIC_STRESS_T0_PE_REP1.CollectMultipleMetrics.base_distribution_by_cycle.pdf OSMOTIC_STRESS_T0_PE_REP1.sorted.bam OSMOTIC_STRESS_T0_PE_REP1_T1
ERROR	2024-10-25 18:21:14	ProcessExecutor	/bin/sh: warning: setlocale: LC_ALL: cannot change locale (en_US.UTF-8)
ERROR	2024-10-25 18:21:15	ProcessExecutor	sh: warning: setlocale: LC_ALL: cannot change locale (en_US.UTF-8)
ERROR	2024-10-25 18:21:15	ProcessExecutor	sh: warning: setlocale: LC_ALL: cannot change locale (en_US.UTF-8)
ERROR	2024-10-25 18:21:15	ProcessExecutor	During startup - Warning messages:
ERROR	2024-10-25 18:21:15	ProcessExecutor	1: Setting LC_CTYPE failed, using "C" 
ERROR	2024-10-25 18:21:15	ProcessExecutor	2: Setting LC_COLLATE failed, using "C" 
ERROR	2024-10-25 18:21:15	ProcessExecutor	3: Setting LC_TIME failed, using "C" 
ERROR	2024-10-25 18:21:15	ProcessExecutor	4: Setting LC_MESSAGES failed, using "C" 
ERROR	2024-10-25 18:21:15	ProcessExecutor	5: Setting LC_MONETARY failed, using "C" 
ERROR	2024-10-25 18:21:15	ProcessExecutor	6: Setting LC_PAPER failed, using "C" 
ERROR	2024-10-25 18:21:15	ProcessExecutor	7: Setting LC_MEASUREMENT failed, using "C" 
INFO	2024-10-25 18:21:15	ProcessExecutor	null device 
INFO	2024-10-25 18:21:15	ProcessExecutor	          1 
ERROR	2024-10-25 18:21:15	ProcessExecutor	sh: warning: setlocale: LC_ALL: cannot change locale (en_US.UTF-8)
INFO	2024-10-25 18:21:15	RExecutor	Executing R script via command: Rscript /tmp/script2490984843598713855.R /home/leizheng/workspace/pipeline/ATAC-seq/work/f8/668a163b629ae74b7a5b0348b3f532/OSMOTIC_STRESS_T0_PE_REP1.CollectMultipleMetrics.insert_size_metrics /home/leizheng/workspace/pipeline/ATAC-seq/work/f8/668a163b629ae74b7a5b0348b3f532/OSMOTIC_STRESS_T0_PE_REP1.CollectMultipleMetrics.insert_size_histogram.pdf OSMOTIC_STRESS_T0_PE_REP1.sorted.bam
ERROR	2024-10-25 18:21:15	ProcessExecutor	/bin/sh: warning: setlocale: LC_ALL: cannot change locale (en_US.UTF-8)
ERROR	2024-10-25 18:21:15	ProcessExecutor	sh: warning: setlocale: LC_ALL: cannot change locale (en_US.UTF-8)
ERROR	2024-10-25 18:21:15	ProcessExecutor	sh: warning: setlocale: LC_ALL: cannot change locale (en_US.UTF-8)
ERROR	2024-10-25 18:21:15	ProcessExecutor	During startup - Warning messages:
ERROR	2024-10-25 18:21:15	ProcessExecutor	1: Setting LC_CTYPE failed, using "C" 
ERROR	2024-10-25 18:21:15	ProcessExecutor	2: Setting LC_COLLATE failed, using "C" 
ERROR	2024-10-25 18:21:15	ProcessExecutor	3: Setting LC_TIME failed, using "C" 
ERROR	2024-10-25 18:21:15	ProcessExecutor	4: Setting LC_MESSAGES failed, using "C" 
ERROR	2024-10-25 18:21:15	ProcessExecutor	5: Setting LC_MONETARY failed, using "C" 
ERROR	2024-10-25 18:21:15	ProcessExecutor	6: Setting LC_PAPER failed, using "C" 
ERROR	2024-10-25 18:21:15	ProcessExecutor	7: Setting LC_MEASUREMENT failed, using "C" 
INFO	2024-10-25 18:21:15	ProcessExecutor	null device 
INFO	2024-10-25 18:21:15	ProcessExecutor	          1 
ERROR	2024-10-25 18:21:15	ProcessExecutor	sh: warning: setlocale: LC_ALL: cannot change locale (en_US.UTF-8)
INFO	2024-10-25 18:21:15	RExecutor	Executing R script via command: Rscript /tmp/script6306620416357456748.R /home/leizheng/workspace/pipeline/ATAC-seq/work/f8/668a163b629ae74b7a5b0348b3f532/OSMOTIC_STRESS_T0_PE_REP1.CollectMultipleMetrics.quality_by_cycle_metrics /home/leizheng/workspace/pipeline/ATAC-seq/work/f8/668a163b629ae74b7a5b0348b3f532/OSMOTIC_STRESS_T0_PE_REP1.CollectMultipleMetrics.quality_by_cycle.pdf OSMOTIC_STRESS_T0_PE_REP1.sorted.bam OSMOTIC_STRESS_T0_PE_REP1_T1
ERROR	2024-10-25 18:21:15	ProcessExecutor	/bin/sh: warning: setlocale: LC_ALL: cannot change locale (en_US.UTF-8)
ERROR	2024-10-25 18:21:16	ProcessExecutor	sh: warning: setlocale: LC_ALL: cannot change locale (en_US.UTF-8)
ERROR	2024-10-25 18:21:16	ProcessExecutor	sh: warning: setlocale: LC_ALL: cannot change locale (en_US.UTF-8)
ERROR	2024-10-25 18:21:16	ProcessExecutor	During startup - Warning messages:
ERROR	2024-10-25 18:21:16	ProcessExecutor	1: Setting LC_CTYPE failed, using "C" 
ERROR	2024-10-25 18:21:16	ProcessExecutor	2: Setting LC_COLLATE failed, using "C" 
ERROR	2024-10-25 18:21:16	ProcessExecutor	3: Setting LC_TIME failed, using "C" 
ERROR	2024-10-25 18:21:16	ProcessExecutor	4: Setting LC_MESSAGES failed, using "C" 
ERROR	2024-10-25 18:21:16	ProcessExecutor	5: Setting LC_MONETARY failed, using "C" 
ERROR	2024-10-25 18:21:16	ProcessExecutor	6: Setting LC_PAPER failed, using "C" 
ERROR	2024-10-25 18:21:16	ProcessExecutor	7: Setting LC_MEASUREMENT failed, using "C" 
INFO	2024-10-25 18:21:16	ProcessExecutor	null device 
INFO	2024-10-25 18:21:16	ProcessExecutor	          1 
ERROR	2024-10-25 18:21:16	ProcessExecutor	sh: warning: setlocale: LC_ALL: cannot change locale (en_US.UTF-8)
INFO	2024-10-25 18:21:16	RExecutor	Executing R script via command: Rscript /tmp/script1137420760659909449.R /home/leizheng/workspace/pipeline/ATAC-seq/work/f8/668a163b629ae74b7a5b0348b3f532/OSMOTIC_STRESS_T0_PE_REP1.CollectMultipleMetrics.quality_distribution_metrics /home/leizheng/workspace/pipeline/ATAC-seq/work/f8/668a163b629ae74b7a5b0348b3f532/OSMOTIC_STRESS_T0_PE_REP1.CollectMultipleMetrics.quality_distribution.pdf OSMOTIC_STRESS_T0_PE_REP1.sorted.bam OSMOTIC_STRESS_T0_PE_REP1_T1
ERROR	2024-10-25 18:21:16	ProcessExecutor	/bin/sh: warning: setlocale: LC_ALL: cannot change locale (en_US.UTF-8)
ERROR	2024-10-25 18:21:16	ProcessExecutor	sh: warning: setlocale: LC_ALL: cannot change locale (en_US.UTF-8)
ERROR	2024-10-25 18:21:16	ProcessExecutor	sh: warning: setlocale: LC_ALL: cannot change locale (en_US.UTF-8)
ERROR	2024-10-25 18:21:16	ProcessExecutor	During startup - Warning messages:
ERROR	2024-10-25 18:21:16	ProcessExecutor	1: Setting LC_CTYPE failed, using "C" 
ERROR	2024-10-25 18:21:16	ProcessExecutor	2: Setting LC_COLLATE failed, using "C" 
ERROR	2024-10-25 18:21:16	ProcessExecutor	3: Setting LC_TIME failed, using "C" 
ERROR	2024-10-25 18:21:16	ProcessExecutor	4: Setting LC_MESSAGES failed, using "C" 
ERROR	2024-10-25 18:21:16	ProcessExecutor	5: Setting LC_MONETARY failed, using "C" 
ERROR	2024-10-25 18:21:16	ProcessExecutor	6: Setting LC_PAPER failed, using "C" 
ERROR	2024-10-25 18:21:16	ProcessExecutor	7: Setting LC_MEASUREMENT failed, using "C" 
INFO	2024-10-25 18:21:16	ProcessExecutor	null device 
INFO	2024-10-25 18:21:16	ProcessExecutor	          1 
ERROR	2024-10-25 18:21:16	ProcessExecutor	sh: warning: setlocale: LC_ALL: cannot change locale (en_US.UTF-8)
[Fri Oct 25 18:21:16 GMT 2024] picard.analysis.CollectMultipleMetrics done. Elapsed time: 0.07 minutes.
Runtime.totalMemory()=2155872256
