INFO:    Environment variable SINGULARITYENV_NXF_TASK_WORKDIR is set, but APPTAINERENV_NXF_TASK_WORKDIR is preferred
INFO:    Environment variable SINGULARITYENV_NXF_DEBUG is set, but APPTAINERENV_NXF_DEBUG is preferred
/usr/local/bin/picard: line 5: warning: setlocale: LC_ALL: cannot change locale (en_US.UTF-8): No such file or directory
INFO	2024-10-25 17:33:48	RExecutor	Executing R script via command: Rscript /tmp/script1502173114262023891.R
ERROR	2024-10-25 17:33:48	ProcessExecutor	/bin/sh: warning: setlocale: LC_ALL: cannot change locale (en_US.UTF-8)
ERROR	2024-10-25 17:33:49	ProcessExecutor	sh: warning: setlocale: LC_ALL: cannot change locale (en_US.UTF-8)
ERROR	2024-10-25 17:33:49	ProcessExecutor	sh: warning: setlocale: LC_ALL: cannot change locale (en_US.UTF-8)
ERROR	2024-10-25 17:33:49	ProcessExecutor	During startup - Warning messages:
ERROR	2024-10-25 17:33:49	ProcessExecutor	1: Setting LC_CTYPE failed, using "C" 
ERROR	2024-10-25 17:33:49	ProcessExecutor	2: Setting LC_COLLATE failed, using "C" 
ERROR	2024-10-25 17:33:49	ProcessExecutor	3: Setting LC_TIME failed, using "C" 
ERROR	2024-10-25 17:33:49	ProcessExecutor	4: Setting LC_MESSAGES failed, using "C" 
ERROR	2024-10-25 17:33:49	ProcessExecutor	5: Setting LC_MONETARY failed, using "C" 
ERROR	2024-10-25 17:33:49	ProcessExecutor	6: Setting LC_PAPER failed, using "C" 
ERROR	2024-10-25 17:33:49	ProcessExecutor	7: Setting LC_MEASUREMENT failed, using "C" 
INFO	2024-10-25 17:33:49	ProcessExecutor	[1] "Checking if R is installed"
ERROR	2024-10-25 17:33:49	ProcessExecutor	sh: warning: setlocale: LC_ALL: cannot change locale (en_US.UTF-8)
17:33:49.628 INFO  NativeLibraryLoader - Loading libgkl_compression.so from jar:file:/usr/local/share/picard-3.0.0-1/picard.jar!/com/intel/gkl/native/libgkl_compression.so
[Fri Oct 25 17:33:49 GMT 2024] CollectMultipleMetrics --INPUT OSMOTIC_STRESS_T100_SE_REP2.mLb.clN.sorted.bam --OUTPUT OSMOTIC_STRESS_T100_SE_REP2.mLb.clN.CollectMultipleMetrics --TMP_DIR tmp --VALIDATION_STRINGENCY LENIENT --REFERENCE_SEQUENCE genome.fa --ASSUME_SORTED true --STOP_AFTER 0 --METRIC_ACCUMULATION_LEVEL ALL_READS --PROGRAM CollectAlignmentSummaryMetrics --PROGRAM CollectBaseDistributionByCycle --PROGRAM CollectInsertSizeMetrics --PROGRAM MeanQualityByCycle --PROGRAM QualityScoreDistribution --INCLUDE_UNPAIRED false --VERBOSITY INFO --QUIET false --COMPRESSION_LEVEL 5 --MAX_RECORDS_IN_RAM 500000 --CREATE_INDEX false --CREATE_MD5_FILE false --help false --version false --showHidden false --USE_JDK_DEFLATER false --USE_JDK_INFLATER false
[Fri Oct 25 17:33:49 GMT 2024] Executing as leizheng@helab0 on Linux 6.8.0-38-generic amd64; OpenJDK 64-Bit Server VM 17.0.3-internal+0-adhoc..src; Deflater: Intel; Inflater: Intel; Provider GCS is not available; Picard version: Version:3.0.0
INFO	2024-10-25 17:33:50	RExecutor	Executing R script via command: Rscript /tmp/script1493447149572503206.R /home/leizheng/workspace/pipeline/ATAC-seq/work/c9/aeb7ce709ae5dd4521268303496487/OSMOTIC_STRESS_T100_SE_REP2.mLb.clN.CollectMultipleMetrics.alignment_summary_metrics /home/leizheng/workspace/pipeline/ATAC-seq/work/c9/aeb7ce709ae5dd4521268303496487/OSMOTIC_STRESS_T100_SE_REP2.mLb.clN.CollectMultipleMetrics.read_length_histogram.pdf OSMOTIC_STRESS_T100_SE_REP2.mLb.clN.sorted.bam
ERROR	2024-10-25 17:33:50	ProcessExecutor	/bin/sh: warning: setlocale: LC_ALL: cannot change locale (en_US.UTF-8)
ERROR	2024-10-25 17:33:50	ProcessExecutor	sh: warning: setlocale: LC_ALL: cannot change locale (en_US.UTF-8)
ERROR	2024-10-25 17:33:50	ProcessExecutor	sh: warning: setlocale: LC_ALL: cannot change locale (en_US.UTF-8)
ERROR	2024-10-25 17:33:50	ProcessExecutor	During startup - Warning messages:
ERROR	2024-10-25 17:33:50	ProcessExecutor	1: Setting LC_CTYPE failed, using "C" 
ERROR	2024-10-25 17:33:50	ProcessExecutor	2: Setting LC_COLLATE failed, using "C" 
ERROR	2024-10-25 17:33:50	ProcessExecutor	3: Setting LC_TIME failed, using "C" 
ERROR	2024-10-25 17:33:50	ProcessExecutor	4: Setting LC_MESSAGES failed, using "C" 
ERROR	2024-10-25 17:33:50	ProcessExecutor	5: Setting LC_MONETARY failed, using "C" 
ERROR	2024-10-25 17:33:50	ProcessExecutor	6: Setting LC_PAPER failed, using "C" 
ERROR	2024-10-25 17:33:50	ProcessExecutor	7: Setting LC_MEASUREMENT failed, using "C" 
INFO	2024-10-25 17:33:50	ProcessExecutor	null device 
INFO	2024-10-25 17:33:50	ProcessExecutor	          1 
ERROR	2024-10-25 17:33:50	ProcessExecutor	sh: warning: setlocale: LC_ALL: cannot change locale (en_US.UTF-8)
INFO	2024-10-25 17:33:50	RExecutor	Executing R script via command: Rscript /tmp/script18190200386430928209.R /home/leizheng/workspace/pipeline/ATAC-seq/work/c9/aeb7ce709ae5dd4521268303496487/OSMOTIC_STRESS_T100_SE_REP2.mLb.clN.CollectMultipleMetrics.base_distribution_by_cycle_metrics /home/leizheng/workspace/pipeline/ATAC-seq/work/c9/aeb7ce709ae5dd4521268303496487/OSMOTIC_STRESS_T100_SE_REP2.mLb.clN.CollectMultipleMetrics.base_distribution_by_cycle.pdf OSMOTIC_STRESS_T100_SE_REP2.mLb.clN.sorted.bam OSMOTIC_STRESS_T100_SE_REP2_T1
ERROR	2024-10-25 17:33:50	ProcessExecutor	/bin/sh: warning: setlocale: LC_ALL: cannot change locale (en_US.UTF-8)
ERROR	2024-10-25 17:33:51	ProcessExecutor	sh: warning: setlocale: LC_ALL: cannot change locale (en_US.UTF-8)
ERROR	2024-10-25 17:33:51	ProcessExecutor	sh: warning: setlocale: LC_ALL: cannot change locale (en_US.UTF-8)
ERROR	2024-10-25 17:33:51	ProcessExecutor	During startup - Warning messages:
ERROR	2024-10-25 17:33:51	ProcessExecutor	1: Setting LC_CTYPE failed, using "C" 
ERROR	2024-10-25 17:33:51	ProcessExecutor	2: Setting LC_COLLATE failed, using "C" 
ERROR	2024-10-25 17:33:51	ProcessExecutor	3: Setting LC_TIME failed, using "C" 
ERROR	2024-10-25 17:33:51	ProcessExecutor	4: Setting LC_MESSAGES failed, using "C" 
ERROR	2024-10-25 17:33:51	ProcessExecutor	5: Setting LC_MONETARY failed, using "C" 
ERROR	2024-10-25 17:33:51	ProcessExecutor	6: Setting LC_PAPER failed, using "C" 
ERROR	2024-10-25 17:33:51	ProcessExecutor	7: Setting LC_MEASUREMENT failed, using "C" 
INFO	2024-10-25 17:33:51	ProcessExecutor	null device 
INFO	2024-10-25 17:33:51	ProcessExecutor	          1 
ERROR	2024-10-25 17:33:51	ProcessExecutor	sh: warning: setlocale: LC_ALL: cannot change locale (en_US.UTF-8)
WARNING	2024-10-25 17:33:51	CollectInsertSizeMetrics	All data categories were discarded because they contained < 0.05 of the total aligned paired data.
WARNING	2024-10-25 17:33:51	CollectInsertSizeMetrics	Total mapped pairs in all categories: 0.0
INFO	2024-10-25 17:33:51	RExecutor	Executing R script via command: Rscript /tmp/script17422930557721355905.R /home/leizheng/workspace/pipeline/ATAC-seq/work/c9/aeb7ce709ae5dd4521268303496487/OSMOTIC_STRESS_T100_SE_REP2.mLb.clN.CollectMultipleMetrics.quality_by_cycle_metrics /home/leizheng/workspace/pipeline/ATAC-seq/work/c9/aeb7ce709ae5dd4521268303496487/OSMOTIC_STRESS_T100_SE_REP2.mLb.clN.CollectMultipleMetrics.quality_by_cycle.pdf OSMOTIC_STRESS_T100_SE_REP2.mLb.clN.sorted.bam OSMOTIC_STRESS_T100_SE_REP2_T1
ERROR	2024-10-25 17:33:51	ProcessExecutor	/bin/sh: warning: setlocale: LC_ALL: cannot change locale (en_US.UTF-8)
ERROR	2024-10-25 17:33:51	ProcessExecutor	sh: warning: setlocale: LC_ALL: cannot change locale (en_US.UTF-8)
ERROR	2024-10-25 17:33:51	ProcessExecutor	sh: warning: setlocale: LC_ALL: cannot change locale (en_US.UTF-8)
ERROR	2024-10-25 17:33:51	ProcessExecutor	During startup - Warning messages:
ERROR	2024-10-25 17:33:51	ProcessExecutor	1: Setting LC_CTYPE failed, using "C" 
ERROR	2024-10-25 17:33:51	ProcessExecutor	2: Setting LC_COLLATE failed, using "C" 
ERROR	2024-10-25 17:33:51	ProcessExecutor	3: Setting LC_TIME failed, using "C" 
ERROR	2024-10-25 17:33:51	ProcessExecutor	4: Setting LC_MESSAGES failed, using "C" 
ERROR	2024-10-25 17:33:51	ProcessExecutor	5: Setting LC_MONETARY failed, using "C" 
ERROR	2024-10-25 17:33:51	ProcessExecutor	6: Setting LC_PAPER failed, using "C" 
ERROR	2024-10-25 17:33:51	ProcessExecutor	7: Setting LC_MEASUREMENT failed, using "C" 
INFO	2024-10-25 17:33:51	ProcessExecutor	null device 
INFO	2024-10-25 17:33:51	ProcessExecutor	          1 
ERROR	2024-10-25 17:33:51	ProcessExecutor	sh: warning: setlocale: LC_ALL: cannot change locale (en_US.UTF-8)
INFO	2024-10-25 17:33:51	RExecutor	Executing R script via command: Rscript /tmp/script16255021014489026769.R /home/leizheng/workspace/pipeline/ATAC-seq/work/c9/aeb7ce709ae5dd4521268303496487/OSMOTIC_STRESS_T100_SE_REP2.mLb.clN.CollectMultipleMetrics.quality_distribution_metrics /home/leizheng/workspace/pipeline/ATAC-seq/work/c9/aeb7ce709ae5dd4521268303496487/OSMOTIC_STRESS_T100_SE_REP2.mLb.clN.CollectMultipleMetrics.quality_distribution.pdf OSMOTIC_STRESS_T100_SE_REP2.mLb.clN.sorted.bam OSMOTIC_STRESS_T100_SE_REP2_T1
ERROR	2024-10-25 17:33:51	ProcessExecutor	/bin/sh: warning: setlocale: LC_ALL: cannot change locale (en_US.UTF-8)
ERROR	2024-10-25 17:33:52	ProcessExecutor	sh: warning: setlocale: LC_ALL: cannot change locale (en_US.UTF-8)
ERROR	2024-10-25 17:33:52	ProcessExecutor	sh: warning: setlocale: LC_ALL: cannot change locale (en_US.UTF-8)
ERROR	2024-10-25 17:33:52	ProcessExecutor	During startup - Warning messages:
ERROR	2024-10-25 17:33:52	ProcessExecutor	1: Setting LC_CTYPE failed, using "C" 
ERROR	2024-10-25 17:33:52	ProcessExecutor	2: Setting LC_COLLATE failed, using "C" 
ERROR	2024-10-25 17:33:52	ProcessExecutor	3: Setting LC_TIME failed, using "C" 
ERROR	2024-10-25 17:33:52	ProcessExecutor	4: Setting LC_MESSAGES failed, using "C" 
ERROR	2024-10-25 17:33:52	ProcessExecutor	5: Setting LC_MONETARY failed, using "C" 
ERROR	2024-10-25 17:33:52	ProcessExecutor	6: Setting LC_PAPER failed, using "C" 
ERROR	2024-10-25 17:33:52	ProcessExecutor	7: Setting LC_MEASUREMENT failed, using "C" 
INFO	2024-10-25 17:33:52	ProcessExecutor	null device 
INFO	2024-10-25 17:33:52	ProcessExecutor	          1 
ERROR	2024-10-25 17:33:52	ProcessExecutor	sh: warning: setlocale: LC_ALL: cannot change locale (en_US.UTF-8)
[Fri Oct 25 17:33:52 GMT 2024] picard.analysis.CollectMultipleMetrics done. Elapsed time: 0.05 minutes.
Runtime.totalMemory()=2155872256
