INFO:    Environment variable SINGULARITYENV_NXF_TASK_WORKDIR is set, but APPTAINERENV_NXF_TASK_WORKDIR is preferred
INFO:    Environment variable SINGULARITYENV_NXF_DEBUG is set, but APPTAINERENV_NXF_DEBUG is preferred
/usr/local/bin/picard: line 5: warning: setlocale: LC_ALL: cannot change locale (en_US.UTF-8): No such file or directory
INFO	2024-10-25 17:33:55	RExecutor	Executing R script via command: Rscript /tmp/script6344487377966179422.R
ERROR	2024-10-25 17:33:55	ProcessExecutor	/bin/sh: warning: setlocale: LC_ALL: cannot change locale (en_US.UTF-8)
ERROR	2024-10-25 17:33:56	ProcessExecutor	sh: warning: setlocale: LC_ALL: cannot change locale (en_US.UTF-8)
ERROR	2024-10-25 17:33:56	ProcessExecutor	sh: warning: setlocale: LC_ALL: cannot change locale (en_US.UTF-8)
ERROR	2024-10-25 17:33:56	ProcessExecutor	During startup - Warning messages:
ERROR	2024-10-25 17:33:56	ProcessExecutor	1: Setting LC_CTYPE failed, using "C" 
ERROR	2024-10-25 17:33:56	ProcessExecutor	2: Setting LC_COLLATE failed, using "C" 
ERROR	2024-10-25 17:33:56	ProcessExecutor	3: Setting LC_TIME failed, using "C" 
ERROR	2024-10-25 17:33:56	ProcessExecutor	4: Setting LC_MESSAGES failed, using "C" 
ERROR	2024-10-25 17:33:56	ProcessExecutor	5: Setting LC_MONETARY failed, using "C" 
ERROR	2024-10-25 17:33:56	ProcessExecutor	6: Setting LC_PAPER failed, using "C" 
ERROR	2024-10-25 17:33:56	ProcessExecutor	7: Setting LC_MEASUREMENT failed, using "C" 
INFO	2024-10-25 17:33:56	ProcessExecutor	[1] "Checking if R is installed"
ERROR	2024-10-25 17:33:56	ProcessExecutor	sh: warning: setlocale: LC_ALL: cannot change locale (en_US.UTF-8)
17:33:56.351 INFO  NativeLibraryLoader - Loading libgkl_compression.so from jar:file:/usr/local/share/picard-3.0.0-1/picard.jar!/com/intel/gkl/native/libgkl_compression.so
[Fri Oct 25 17:33:56 GMT 2024] CollectMultipleMetrics --INPUT OSMOTIC_STRESS_T0_PE_REP2.mLb.clN.sorted.bam --OUTPUT OSMOTIC_STRESS_T0_PE_REP2.mLb.clN.CollectMultipleMetrics --TMP_DIR tmp --VALIDATION_STRINGENCY LENIENT --REFERENCE_SEQUENCE genome.fa --ASSUME_SORTED true --STOP_AFTER 0 --METRIC_ACCUMULATION_LEVEL ALL_READS --PROGRAM CollectAlignmentSummaryMetrics --PROGRAM CollectBaseDistributionByCycle --PROGRAM CollectInsertSizeMetrics --PROGRAM MeanQualityByCycle --PROGRAM QualityScoreDistribution --INCLUDE_UNPAIRED false --VERBOSITY INFO --QUIET false --COMPRESSION_LEVEL 5 --MAX_RECORDS_IN_RAM 500000 --CREATE_INDEX false --CREATE_MD5_FILE false --help false --version false --showHidden false --USE_JDK_DEFLATER false --USE_JDK_INFLATER false
[Fri Oct 25 17:33:56 GMT 2024] Executing as leizheng@helab0 on Linux 6.8.0-38-generic amd64; OpenJDK 64-Bit Server VM 17.0.3-internal+0-adhoc..src; Deflater: Intel; Inflater: Intel; Provider GCS is not available; Picard version: Version:3.0.0
INFO	2024-10-25 17:33:57	RExecutor	Executing R script via command: Rscript /tmp/script1927025070406056987.R /home/leizheng/workspace/pipeline/ATAC-seq/work/e0/4fdfe3092ac1c4d114d299a2e9541f/OSMOTIC_STRESS_T0_PE_REP2.mLb.clN.CollectMultipleMetrics.alignment_summary_metrics /home/leizheng/workspace/pipeline/ATAC-seq/work/e0/4fdfe3092ac1c4d114d299a2e9541f/OSMOTIC_STRESS_T0_PE_REP2.mLb.clN.CollectMultipleMetrics.read_length_histogram.pdf OSMOTIC_STRESS_T0_PE_REP2.mLb.clN.sorted.bam
ERROR	2024-10-25 17:33:57	ProcessExecutor	/bin/sh: warning: setlocale: LC_ALL: cannot change locale (en_US.UTF-8)
ERROR	2024-10-25 17:33:57	ProcessExecutor	sh: warning: setlocale: LC_ALL: cannot change locale (en_US.UTF-8)
ERROR	2024-10-25 17:33:57	ProcessExecutor	sh: warning: setlocale: LC_ALL: cannot change locale (en_US.UTF-8)
ERROR	2024-10-25 17:33:57	ProcessExecutor	During startup - Warning messages:
ERROR	2024-10-25 17:33:57	ProcessExecutor	1: Setting LC_CTYPE failed, using "C" 
ERROR	2024-10-25 17:33:57	ProcessExecutor	2: Setting LC_COLLATE failed, using "C" 
ERROR	2024-10-25 17:33:57	ProcessExecutor	3: Setting LC_TIME failed, using "C" 
ERROR	2024-10-25 17:33:57	ProcessExecutor	4: Setting LC_MESSAGES failed, using "C" 
ERROR	2024-10-25 17:33:57	ProcessExecutor	5: Setting LC_MONETARY failed, using "C" 
ERROR	2024-10-25 17:33:57	ProcessExecutor	6: Setting LC_PAPER failed, using "C" 
ERROR	2024-10-25 17:33:57	ProcessExecutor	7: Setting LC_MEASUREMENT failed, using "C" 
INFO	2024-10-25 17:33:58	ProcessExecutor	null device 
INFO	2024-10-25 17:33:58	ProcessExecutor	          1 
ERROR	2024-10-25 17:33:58	ProcessExecutor	sh: warning: setlocale: LC_ALL: cannot change locale (en_US.UTF-8)
INFO	2024-10-25 17:33:58	RExecutor	Executing R script via command: Rscript /tmp/script6777887062405098566.R /home/leizheng/workspace/pipeline/ATAC-seq/work/e0/4fdfe3092ac1c4d114d299a2e9541f/OSMOTIC_STRESS_T0_PE_REP2.mLb.clN.CollectMultipleMetrics.base_distribution_by_cycle_metrics /home/leizheng/workspace/pipeline/ATAC-seq/work/e0/4fdfe3092ac1c4d114d299a2e9541f/OSMOTIC_STRESS_T0_PE_REP2.mLb.clN.CollectMultipleMetrics.base_distribution_by_cycle.pdf OSMOTIC_STRESS_T0_PE_REP2.mLb.clN.sorted.bam OSMOTIC_STRESS_T0_PE_REP2_T1
ERROR	2024-10-25 17:33:58	ProcessExecutor	/bin/sh: warning: setlocale: LC_ALL: cannot change locale (en_US.UTF-8)
ERROR	2024-10-25 17:33:58	ProcessExecutor	sh: warning: setlocale: LC_ALL: cannot change locale (en_US.UTF-8)
ERROR	2024-10-25 17:33:58	ProcessExecutor	sh: warning: setlocale: LC_ALL: cannot change locale (en_US.UTF-8)
ERROR	2024-10-25 17:33:58	ProcessExecutor	During startup - Warning messages:
ERROR	2024-10-25 17:33:58	ProcessExecutor	1: Setting LC_CTYPE failed, using "C" 
ERROR	2024-10-25 17:33:58	ProcessExecutor	2: Setting LC_COLLATE failed, using "C" 
ERROR	2024-10-25 17:33:58	ProcessExecutor	3: Setting LC_TIME failed, using "C" 
ERROR	2024-10-25 17:33:58	ProcessExecutor	4: Setting LC_MESSAGES failed, using "C" 
ERROR	2024-10-25 17:33:58	ProcessExecutor	5: Setting LC_MONETARY failed, using "C" 
ERROR	2024-10-25 17:33:58	ProcessExecutor	6: Setting LC_PAPER failed, using "C" 
ERROR	2024-10-25 17:33:58	ProcessExecutor	7: Setting LC_MEASUREMENT failed, using "C" 
INFO	2024-10-25 17:33:58	ProcessExecutor	null device 
INFO	2024-10-25 17:33:58	ProcessExecutor	          1 
ERROR	2024-10-25 17:33:58	ProcessExecutor	sh: warning: setlocale: LC_ALL: cannot change locale (en_US.UTF-8)
INFO	2024-10-25 17:33:58	RExecutor	Executing R script via command: Rscript /tmp/script2455386916451057899.R /home/leizheng/workspace/pipeline/ATAC-seq/work/e0/4fdfe3092ac1c4d114d299a2e9541f/OSMOTIC_STRESS_T0_PE_REP2.mLb.clN.CollectMultipleMetrics.insert_size_metrics /home/leizheng/workspace/pipeline/ATAC-seq/work/e0/4fdfe3092ac1c4d114d299a2e9541f/OSMOTIC_STRESS_T0_PE_REP2.mLb.clN.CollectMultipleMetrics.insert_size_histogram.pdf OSMOTIC_STRESS_T0_PE_REP2.mLb.clN.sorted.bam
ERROR	2024-10-25 17:33:58	ProcessExecutor	/bin/sh: warning: setlocale: LC_ALL: cannot change locale (en_US.UTF-8)
ERROR	2024-10-25 17:33:58	ProcessExecutor	sh: warning: setlocale: LC_ALL: cannot change locale (en_US.UTF-8)
ERROR	2024-10-25 17:33:58	ProcessExecutor	sh: warning: setlocale: LC_ALL: cannot change locale (en_US.UTF-8)
ERROR	2024-10-25 17:33:59	ProcessExecutor	During startup - Warning messages:
ERROR	2024-10-25 17:33:59	ProcessExecutor	1: Setting LC_CTYPE failed, using "C" 
ERROR	2024-10-25 17:33:59	ProcessExecutor	2: Setting LC_COLLATE failed, using "C" 
ERROR	2024-10-25 17:33:59	ProcessExecutor	3: Setting LC_TIME failed, using "C" 
ERROR	2024-10-25 17:33:59	ProcessExecutor	4: Setting LC_MESSAGES failed, using "C" 
ERROR	2024-10-25 17:33:59	ProcessExecutor	5: Setting LC_MONETARY failed, using "C" 
ERROR	2024-10-25 17:33:59	ProcessExecutor	6: Setting LC_PAPER failed, using "C" 
ERROR	2024-10-25 17:33:59	ProcessExecutor	7: Setting LC_MEASUREMENT failed, using "C" 
INFO	2024-10-25 17:33:59	ProcessExecutor	null device 
INFO	2024-10-25 17:33:59	ProcessExecutor	          1 
ERROR	2024-10-25 17:33:59	ProcessExecutor	sh: warning: setlocale: LC_ALL: cannot change locale (en_US.UTF-8)
INFO	2024-10-25 17:33:59	RExecutor	Executing R script via command: Rscript /tmp/script9304090893484980937.R /home/leizheng/workspace/pipeline/ATAC-seq/work/e0/4fdfe3092ac1c4d114d299a2e9541f/OSMOTIC_STRESS_T0_PE_REP2.mLb.clN.CollectMultipleMetrics.quality_by_cycle_metrics /home/leizheng/workspace/pipeline/ATAC-seq/work/e0/4fdfe3092ac1c4d114d299a2e9541f/OSMOTIC_STRESS_T0_PE_REP2.mLb.clN.CollectMultipleMetrics.quality_by_cycle.pdf OSMOTIC_STRESS_T0_PE_REP2.mLb.clN.sorted.bam OSMOTIC_STRESS_T0_PE_REP2_T1
ERROR	2024-10-25 17:33:59	ProcessExecutor	/bin/sh: warning: setlocale: LC_ALL: cannot change locale (en_US.UTF-8)
ERROR	2024-10-25 17:33:59	ProcessExecutor	sh: warning: setlocale: LC_ALL: cannot change locale (en_US.UTF-8)
ERROR	2024-10-25 17:33:59	ProcessExecutor	sh: warning: setlocale: LC_ALL: cannot change locale (en_US.UTF-8)
ERROR	2024-10-25 17:33:59	ProcessExecutor	During startup - Warning messages:
ERROR	2024-10-25 17:33:59	ProcessExecutor	1: Setting LC_CTYPE failed, using "C" 
ERROR	2024-10-25 17:33:59	ProcessExecutor	2: Setting LC_COLLATE failed, using "C" 
ERROR	2024-10-25 17:33:59	ProcessExecutor	3: Setting LC_TIME failed, using "C" 
ERROR	2024-10-25 17:33:59	ProcessExecutor	4: Setting LC_MESSAGES failed, using "C" 
ERROR	2024-10-25 17:33:59	ProcessExecutor	5: Setting LC_MONETARY failed, using "C" 
ERROR	2024-10-25 17:33:59	ProcessExecutor	6: Setting LC_PAPER failed, using "C" 
ERROR	2024-10-25 17:33:59	ProcessExecutor	7: Setting LC_MEASUREMENT failed, using "C" 
INFO	2024-10-25 17:33:59	ProcessExecutor	null device 
INFO	2024-10-25 17:33:59	ProcessExecutor	          1 
ERROR	2024-10-25 17:33:59	ProcessExecutor	sh: warning: setlocale: LC_ALL: cannot change locale (en_US.UTF-8)
INFO	2024-10-25 17:33:59	RExecutor	Executing R script via command: Rscript /tmp/script15332553148039138508.R /home/leizheng/workspace/pipeline/ATAC-seq/work/e0/4fdfe3092ac1c4d114d299a2e9541f/OSMOTIC_STRESS_T0_PE_REP2.mLb.clN.CollectMultipleMetrics.quality_distribution_metrics /home/leizheng/workspace/pipeline/ATAC-seq/work/e0/4fdfe3092ac1c4d114d299a2e9541f/OSMOTIC_STRESS_T0_PE_REP2.mLb.clN.CollectMultipleMetrics.quality_distribution.pdf OSMOTIC_STRESS_T0_PE_REP2.mLb.clN.sorted.bam OSMOTIC_STRESS_T0_PE_REP2_T1
ERROR	2024-10-25 17:33:59	ProcessExecutor	/bin/sh: warning: setlocale: LC_ALL: cannot change locale (en_US.UTF-8)
ERROR	2024-10-25 17:34:00	ProcessExecutor	sh: warning: setlocale: LC_ALL: cannot change locale (en_US.UTF-8)
ERROR	2024-10-25 17:34:00	ProcessExecutor	sh: warning: setlocale: LC_ALL: cannot change locale (en_US.UTF-8)
ERROR	2024-10-25 17:34:00	ProcessExecutor	During startup - Warning messages:
ERROR	2024-10-25 17:34:00	ProcessExecutor	1: Setting LC_CTYPE failed, using "C" 
ERROR	2024-10-25 17:34:00	ProcessExecutor	2: Setting LC_COLLATE failed, using "C" 
ERROR	2024-10-25 17:34:00	ProcessExecutor	3: Setting LC_TIME failed, using "C" 
ERROR	2024-10-25 17:34:00	ProcessExecutor	4: Setting LC_MESSAGES failed, using "C" 
ERROR	2024-10-25 17:34:00	ProcessExecutor	5: Setting LC_MONETARY failed, using "C" 
ERROR	2024-10-25 17:34:00	ProcessExecutor	6: Setting LC_PAPER failed, using "C" 
ERROR	2024-10-25 17:34:00	ProcessExecutor	7: Setting LC_MEASUREMENT failed, using "C" 
INFO	2024-10-25 17:34:00	ProcessExecutor	null device 
INFO	2024-10-25 17:34:00	ProcessExecutor	          1 
ERROR	2024-10-25 17:34:00	ProcessExecutor	sh: warning: setlocale: LC_ALL: cannot change locale (en_US.UTF-8)
[Fri Oct 25 17:34:00 GMT 2024] picard.analysis.CollectMultipleMetrics done. Elapsed time: 0.07 minutes.
Runtime.totalMemory()=2155872256
